2022-05-18 08:49:47.844 [background-preinit] INFO  org.hibernate.validator.internal.util.Version - HV000001: Hibernate Validator 6.0.21.Final
2022-05-18 08:49:47.876 [restartedMain] INFO  com.ghw.hospital.ManageApplication - Starting ManageApplication on ifstyledeMacBook-Pro.local with PID 52991 (/Users/ifstyle/LearningProject/JavaProjects/UpOneTo/hospital-manage/target/classes started by ifstyle in /Users/ifstyle/LearningProject/JavaProjects/UpOneTo)
2022-05-18 08:49:47.877 [restartedMain] INFO  com.ghw.hospital.ManageApplication - The following profiles are active: dev
2022-05-18 08:49:47.951 [restartedMain] INFO  o.s.b.d.env.DevToolsPropertyDefaultsPostProcessor - Devtools property defaults active! Set 'spring.devtools.add-properties' to 'false' to disable
2022-05-18 08:49:47.952 [restartedMain] INFO  o.s.b.d.env.DevToolsPropertyDefaultsPostProcessor - For additional web related logging consider setting the 'logging.level.web' property to 'DEBUG'
2022-05-18 08:49:48.770 [restartedMain] INFO  o.s.d.r.config.RepositoryConfigurationDelegate - Multiple Spring Data modules found, entering strict repository configuration mode!
2022-05-18 08:49:48.772 [restartedMain] INFO  o.s.d.r.config.RepositoryConfigurationDelegate - Bootstrapping Spring Data Redis repositories in DEFAULT mode.
2022-05-18 08:49:48.806 [restartedMain] INFO  o.s.d.r.config.RepositoryConfigurationDelegate - Finished Spring Data repository scanning in 23ms. Found 0 Redis repository interfaces.
2022-05-18 08:49:49.326 [restartedMain] INFO  o.s.boot.web.embedded.tomcat.TomcatWebServer - Tomcat initialized with port(s): 9998 (http)
2022-05-18 08:49:49.333 [restartedMain] INFO  org.apache.coyote.http11.Http11NioProtocol - Initializing ProtocolHandler ["http-nio-9998"]
2022-05-18 08:49:49.334 [restartedMain] INFO  org.apache.catalina.core.StandardService - Starting service [Tomcat]
2022-05-18 08:49:49.334 [restartedMain] INFO  org.apache.catalina.core.StandardEngine - Starting Servlet engine: [Apache Tomcat/9.0.41]
2022-05-18 08:49:49.390 [restartedMain] INFO  o.a.c.core.ContainerBase.[Tomcat].[localhost].[/] - Initializing Spring embedded WebApplicationContext
2022-05-18 08:49:49.391 [restartedMain] INFO  o.s.b.w.s.c.ServletWebServerApplicationContext - Root WebApplicationContext: initialization completed in 1438 ms
2022-05-18 08:49:49.608 [restartedMain] INFO  com.zaxxer.hikari.HikariDataSource - GuliHikariPool - Starting...
2022-05-18 08:49:49.834 [restartedMain] INFO  com.zaxxer.hikari.HikariDataSource - GuliHikariPool - Start completed.
2022-05-18 08:49:50.274 [restartedMain] INFO  s.d.s.w.PropertySourcedRequestMappingHandlerMapping - Mapped URL path [/v2/api-docs] onto method [springfox.documentation.swagger2.web.Swagger2Controller#getDocumentation(String, HttpServletRequest)]
2022-05-18 08:49:50.359 [restartedMain] INFO  o.s.scheduling.concurrent.ThreadPoolTaskExecutor - Initializing ExecutorService 'applicationTaskExecutor'
2022-05-18 08:49:50.830 [restartedMain] INFO  s.d.s.web.plugins.DocumentationPluginsBootstrapper - Context refreshed
2022-05-18 08:49:50.842 [restartedMain] INFO  s.d.s.web.plugins.DocumentationPluginsBootstrapper - Found 1 custom documentation plugin(s)
2022-05-18 08:49:50.876 [restartedMain] INFO  s.d.spring.web.scanners.ApiListingReferenceScanner - Scanning for api listing references
2022-05-18 08:49:50.893 [restartedMain] INFO  org.apache.coyote.http11.Http11NioProtocol - Starting ProtocolHandler ["http-nio-9998"]
2022-05-18 08:49:50.915 [restartedMain] INFO  o.s.boot.web.embedded.tomcat.TomcatWebServer - Tomcat started on port(s): 9998 (http) with context path ''
2022-05-18 08:49:50.918 [restartedMain] INFO  com.ghw.hospital.ManageApplication - Started ManageApplication in 3.612 seconds (JVM running for 4.362)
2022-05-18 08:50:14.703 [http-nio-9998-exec-1] INFO  o.a.c.core.ContainerBase.[Tomcat].[localhost].[/] - Initializing Spring DispatcherServlet 'dispatcherServlet'
2022-05-18 08:50:14.704 [http-nio-9998-exec-1] INFO  org.springframework.web.servlet.DispatcherServlet - Initializing Servlet 'dispatcherServlet'
2022-05-18 08:50:14.715 [http-nio-9998-exec-1] INFO  org.springframework.web.servlet.DispatcherServlet - Completed initialization in 11 ms
2022-05-18 08:50:20.250 [http-nio-9998-exec-7] INFO  com.ghw.hospital.util.HttpRequestHelper - --> 发送请求：post data limit=10&sign=e30222a5efcbad4377150495c66c2baf&page=1&hoscode=1000_01&timestamp=1652835020244&
2022-05-18 08:50:21.218 [http-nio-9998-exec-7] INFO  com.ghw.hospital.util.HttpRequestHelper - --> 应答结果：result data {"code":200,"message":"成功","data":{"content":[],"pageable":{"sort":{"sorted":false,"unsorted":true,"empty":true},"pageNumber":0,"pageSize":10,"offset":0,"paged":true,"unpaged":false},"last":true,"totalPages":0,"totalElements":0,"first":true,"numberOfElements":0,"sort":{"sorted":false,"unsorted":true,"empty":true},"size":10,"number":0,"empty":true},"ok":true}
2022-05-18 08:50:27.991 [http-nio-9998-exec-2] INFO  com.ghw.hospital.util.HttpRequestHelper - --> 发送请求：post data amount=100&hosScheduleId=1&availableNumber=22&sign=e30222a5efcbad4377150495c66c2baf&hoscode=1000_01&title=医师&workTime=0&reservedNumber=33&workDate=2020-12-13&skill=内分泌科常见病。&docname=邵迎红&depcode=200040878&status=1&timestamp=1652835027981&
2022-05-18 08:50:28.280 [http-nio-9998-exec-2] INFO  com.ghw.hospital.util.HttpRequestHelper - --> 应答结果：result data {"code":200,"message":"成功","data":null,"ok":true}
2022-05-18 08:50:28.299 [http-nio-9998-exec-2] INFO  com.ghw.hospital.util.HttpRequestHelper - --> 发送请求：post data amount=100&hosScheduleId=2&availableNumber=6&sign=e30222a5efcbad4377150495c66c2baf&hoscode=1000_01&title=副主任医师&workTime=0&reservedNumber=40&workDate=2020-12-22&skill=骨质疏松和骨代谢疾病、糖尿病、甲状腺疾病。&docname=裴育&depcode=200040878&status=1&timestamp=1652835028293&
2022-05-18 08:50:28.380 [http-nio-9998-exec-2] INFO  com.ghw.hospital.util.HttpRequestHelper - --> 应答结果：result data {"code":200,"message":"成功","data":null,"ok":true}
2022-05-18 08:50:28.399 [http-nio-9998-exec-2] INFO  com.ghw.hospital.util.HttpRequestHelper - --> 发送请求：post data amount=100&hosScheduleId=3&availableNumber=10&sign=e30222a5efcbad4377150495c66c2baf&hoscode=1000_01&title=副主任医师&workTime=1&reservedNumber=27&workDate=2020-12-22&skill=内分泌与代谢性疾病。&docname=邵迎红&depcode=200040878&status=1&timestamp=1652835028394&
2022-05-18 08:50:28.478 [http-nio-9998-exec-2] INFO  com.ghw.hospital.util.HttpRequestHelper - --> 应答结果：result data {"code":200,"message":"成功","data":null,"ok":true}
2022-05-18 08:50:28.499 [http-nio-9998-exec-2] INFO  com.ghw.hospital.util.HttpRequestHelper - --> 发送请求：post data amount=100&hosScheduleId=4&availableNumber=22&sign=e30222a5efcbad4377150495c66c2baf&hoscode=1000_01&title=医师&workTime=0&reservedNumber=33&workDate=2020-12-14&skill=内分泌科常见病。&docname=邵迎红&depcode=200040878&status=1&timestamp=1652835028491&
2022-05-18 08:50:28.583 [http-nio-9998-exec-2] INFO  com.ghw.hospital.util.HttpRequestHelper - --> 应答结果：result data {"code":200,"message":"成功","data":null,"ok":true}
2022-05-18 08:50:28.599 [http-nio-9998-exec-2] INFO  com.ghw.hospital.util.HttpRequestHelper - --> 发送请求：post data amount=100&hosScheduleId=5&availableNumber=6&sign=e30222a5efcbad4377150495c66c2baf&hoscode=1000_01&title=副主任医师&workTime=0&reservedNumber=40&workDate=2020-12-23&skill=骨质疏松和骨代谢疾病、糖尿病、甲状腺疾病。&docname=裴育&depcode=200040878&status=1&timestamp=1652835028596&
2022-05-18 08:50:28.681 [http-nio-9998-exec-2] INFO  com.ghw.hospital.util.HttpRequestHelper - --> 应答结果：result data {"code":200,"message":"成功","data":null,"ok":true}
2022-05-18 08:50:28.698 [http-nio-9998-exec-2] INFO  com.ghw.hospital.util.HttpRequestHelper - --> 发送请求：post data amount=100&hosScheduleId=6&availableNumber=10&sign=e30222a5efcbad4377150495c66c2baf&hoscode=1000_01&title=副主任医师&workTime=1&reservedNumber=27&workDate=2020-12-23&skill=内分泌与代谢性疾病。&docname=邵迎红&depcode=200040878&status=1&timestamp=1652835028694&
2022-05-18 08:50:28.781 [http-nio-9998-exec-2] INFO  com.ghw.hospital.util.HttpRequestHelper - --> 应答结果：result data {"code":200,"message":"成功","data":null,"ok":true}
2022-05-18 08:50:28.801 [http-nio-9998-exec-2] INFO  com.ghw.hospital.util.HttpRequestHelper - --> 发送请求：post data amount=100&hosScheduleId=7&availableNumber=22&sign=e30222a5efcbad4377150495c66c2baf&hoscode=1000_01&title=医师&workTime=0&reservedNumber=33&workDate=2020-12-15&skill=内分泌科常见病。&docname=邵迎红&depcode=200040878&status=1&timestamp=1652835028798&
2022-05-18 08:50:28.880 [http-nio-9998-exec-2] INFO  com.ghw.hospital.util.HttpRequestHelper - --> 应答结果：result data {"code":200,"message":"成功","data":null,"ok":true}
2022-05-18 08:50:28.892 [http-nio-9998-exec-2] INFO  com.ghw.hospital.util.HttpRequestHelper - --> 发送请求：post data amount=100&hosScheduleId=8&availableNumber=6&sign=e30222a5efcbad4377150495c66c2baf&hoscode=1000_01&title=副主任医师&workTime=0&reservedNumber=40&workDate=2020-12-24&skill=骨质疏松和骨代谢疾病、糖尿病、甲状腺疾病。&docname=裴育&depcode=200040878&status=1&timestamp=1652835028887&
2022-05-18 08:50:28.974 [http-nio-9998-exec-2] INFO  com.ghw.hospital.util.HttpRequestHelper - --> 应答结果：result data {"code":200,"message":"成功","data":null,"ok":true}
2022-05-18 08:50:28.990 [http-nio-9998-exec-2] INFO  com.ghw.hospital.util.HttpRequestHelper - --> 发送请求：post data amount=100&hosScheduleId=9&availableNumber=10&sign=e30222a5efcbad4377150495c66c2baf&hoscode=1000_01&title=副主任医师&workTime=1&reservedNumber=27&workDate=2020-12-24&skill=内分泌与代谢性疾病。&docname=邵迎红&depcode=200040878&status=1&timestamp=1652835028985&
2022-05-18 08:50:29.070 [http-nio-9998-exec-2] INFO  com.ghw.hospital.util.HttpRequestHelper - --> 应答结果：result data {"code":200,"message":"成功","data":null,"ok":true}
2022-05-18 08:50:29.080 [http-nio-9998-exec-2] INFO  com.ghw.hospital.util.HttpRequestHelper - --> 发送请求：post data amount=100&hosScheduleId=10&availableNumber=22&sign=e30222a5efcbad4377150495c66c2baf&hoscode=1000_01&title=医师&workTime=0&reservedNumber=33&workDate=2020-12-16&skill=内分泌科常见病。&docname=邵迎红&depcode=200040878&status=1&timestamp=1652835029077&
2022-05-18 08:50:29.158 [http-nio-9998-exec-2] INFO  com.ghw.hospital.util.HttpRequestHelper - --> 应答结果：result data {"code":200,"message":"成功","data":null,"ok":true}
2022-05-18 08:50:29.169 [http-nio-9998-exec-2] INFO  com.ghw.hospital.util.HttpRequestHelper - --> 发送请求：post data amount=100&hosScheduleId=11&availableNumber=6&sign=e30222a5efcbad4377150495c66c2baf&hoscode=1000_01&title=副主任医师&workTime=0&reservedNumber=40&workDate=2020-12-25&skill=骨质疏松和骨代谢疾病、糖尿病、甲状腺疾病。&docname=裴育&depcode=200040878&status=1&timestamp=1652835029165&
2022-05-18 08:50:29.247 [http-nio-9998-exec-2] INFO  com.ghw.hospital.util.HttpRequestHelper - --> 应答结果：result data {"code":200,"message":"成功","data":null,"ok":true}
2022-05-18 08:50:29.259 [http-nio-9998-exec-2] INFO  com.ghw.hospital.util.HttpRequestHelper - --> 发送请求：post data amount=100&hosScheduleId=12&availableNumber=10&sign=e30222a5efcbad4377150495c66c2baf&hoscode=1000_01&title=副主任医师&workTime=1&reservedNumber=27&workDate=2020-12-25&skill=内分泌与代谢性疾病。&docname=邵迎红&depcode=200040878&status=1&timestamp=1652835029254&
2022-05-18 08:50:29.337 [http-nio-9998-exec-2] INFO  com.ghw.hospital.util.HttpRequestHelper - --> 应答结果：result data {"code":200,"message":"成功","data":null,"ok":true}
2022-05-18 08:50:29.348 [http-nio-9998-exec-2] INFO  com.ghw.hospital.util.HttpRequestHelper - --> 发送请求：post data amount=100&hosScheduleId=13&availableNumber=22&sign=e30222a5efcbad4377150495c66c2baf&hoscode=1000_01&title=医师&workTime=0&reservedNumber=33&workDate=2020-12-17&skill=内分泌科常见病。&docname=邵迎红&depcode=200040878&status=1&timestamp=1652835029344&
2022-05-18 08:50:29.424 [http-nio-9998-exec-2] INFO  com.ghw.hospital.util.HttpRequestHelper - --> 应答结果：result data {"code":200,"message":"成功","data":null,"ok":true}
2022-05-18 08:50:29.435 [http-nio-9998-exec-2] INFO  com.ghw.hospital.util.HttpRequestHelper - --> 发送请求：post data amount=100&hosScheduleId=14&availableNumber=6&sign=e30222a5efcbad4377150495c66c2baf&hoscode=1000_01&title=副主任医师&workTime=0&reservedNumber=40&workDate=2020-12-26&skill=骨质疏松和骨代谢疾病、糖尿病、甲状腺疾病。&docname=裴育&depcode=200040878&status=1&timestamp=1652835029431&
2022-05-18 08:50:29.513 [http-nio-9998-exec-2] INFO  com.ghw.hospital.util.HttpRequestHelper - --> 应答结果：result data {"code":200,"message":"成功","data":null,"ok":true}
2022-05-18 08:50:29.529 [http-nio-9998-exec-2] INFO  com.ghw.hospital.util.HttpRequestHelper - --> 发送请求：post data amount=100&hosScheduleId=15&availableNumber=10&sign=e30222a5efcbad4377150495c66c2baf&hoscode=1000_01&title=副主任医师&workTime=1&reservedNumber=27&workDate=2020-12-26&skill=内分泌与代谢性疾病。&docname=邵迎红&depcode=200040878&status=1&timestamp=1652835029525&
2022-05-18 08:50:29.617 [http-nio-9998-exec-2] INFO  com.ghw.hospital.util.HttpRequestHelper - --> 应答结果：result data {"code":200,"message":"成功","data":null,"ok":true}
2022-05-18 08:50:29.641 [http-nio-9998-exec-2] INFO  com.ghw.hospital.util.HttpRequestHelper - --> 发送请求：post data amount=100&hosScheduleId=16&availableNumber=22&sign=e30222a5efcbad4377150495c66c2baf&hoscode=1000_01&title=医师&workTime=0&reservedNumber=33&workDate=2020-12-18&skill=内分泌科常见病。&docname=邵迎红&depcode=200040878&status=1&timestamp=1652835029637&
2022-05-18 08:50:29.721 [http-nio-9998-exec-2] INFO  com.ghw.hospital.util.HttpRequestHelper - --> 应答结果：result data {"code":200,"message":"成功","data":null,"ok":true}
2022-05-18 08:50:29.734 [http-nio-9998-exec-2] INFO  com.ghw.hospital.util.HttpRequestHelper - --> 发送请求：post data amount=100&hosScheduleId=17&availableNumber=6&sign=e30222a5efcbad4377150495c66c2baf&hoscode=1000_01&title=副主任医师&workTime=0&reservedNumber=40&workDate=2020-12-27&skill=骨质疏松和骨代谢疾病、糖尿病、甲状腺疾病。&docname=裴育&depcode=200040878&status=1&timestamp=1652835029730&
2022-05-18 08:50:29.816 [http-nio-9998-exec-2] INFO  com.ghw.hospital.util.HttpRequestHelper - --> 应答结果：result data {"code":200,"message":"成功","data":null,"ok":true}
2022-05-18 08:50:29.830 [http-nio-9998-exec-2] INFO  com.ghw.hospital.util.HttpRequestHelper - --> 发送请求：post data amount=100&hosScheduleId=18&availableNumber=10&sign=e30222a5efcbad4377150495c66c2baf&hoscode=1000_01&title=副主任医师&workTime=1&reservedNumber=27&workDate=2020-12-27&skill=内分泌与代谢性疾病。&docname=邵迎红&depcode=200040878&status=1&timestamp=1652835029825&
2022-05-18 08:50:29.908 [http-nio-9998-exec-2] INFO  com.ghw.hospital.util.HttpRequestHelper - --> 应答结果：result data {"code":200,"message":"成功","data":null,"ok":true}
2022-05-18 08:50:29.926 [http-nio-9998-exec-2] INFO  com.ghw.hospital.util.HttpRequestHelper - --> 发送请求：post data amount=100&hosScheduleId=19&availableNumber=22&sign=e30222a5efcbad4377150495c66c2baf&hoscode=1000_01&title=医师&workTime=0&reservedNumber=33&workDate=2020-12-19&skill=内分泌科常见病。&docname=邵迎红&depcode=200040878&status=1&timestamp=1652835029921&
2022-05-18 08:50:30.006 [http-nio-9998-exec-2] INFO  com.ghw.hospital.util.HttpRequestHelper - --> 应答结果：result data {"code":200,"message":"成功","data":null,"ok":true}
2022-05-18 08:50:30.018 [http-nio-9998-exec-2] INFO  com.ghw.hospital.util.HttpRequestHelper - --> 发送请求：post data amount=100&hosScheduleId=20&availableNumber=6&sign=e30222a5efcbad4377150495c66c2baf&hoscode=1000_01&title=副主任医师&workTime=0&reservedNumber=40&workDate=2020-12-28&skill=骨质疏松和骨代谢疾病、糖尿病、甲状腺疾病。&docname=裴育&depcode=200040878&status=1&timestamp=1652835030012&
2022-05-18 08:50:30.097 [http-nio-9998-exec-2] INFO  com.ghw.hospital.util.HttpRequestHelper - --> 应答结果：result data {"code":200,"message":"成功","data":null,"ok":true}
2022-05-18 08:50:30.109 [http-nio-9998-exec-2] INFO  com.ghw.hospital.util.HttpRequestHelper - --> 发送请求：post data amount=100&hosScheduleId=21&availableNumber=10&sign=e30222a5efcbad4377150495c66c2baf&hoscode=1000_01&title=副主任医师&workTime=1&reservedNumber=27&workDate=2020-12-28&skill=内分泌与代谢性疾病。&docname=邵迎红&depcode=200040878&status=1&timestamp=1652835030104&
2022-05-18 08:50:30.189 [http-nio-9998-exec-2] INFO  com.ghw.hospital.util.HttpRequestHelper - --> 应答结果：result data {"code":200,"message":"成功","data":null,"ok":true}
2022-05-18 08:50:30.202 [http-nio-9998-exec-2] INFO  com.ghw.hospital.util.HttpRequestHelper - --> 发送请求：post data amount=100&hosScheduleId=22&availableNumber=22&sign=e30222a5efcbad4377150495c66c2baf&hoscode=1000_01&title=医师&workTime=0&reservedNumber=33&workDate=2020-12-20&skill=内分泌科常见病。&docname=邵迎红&depcode=200040878&status=1&timestamp=1652835030199&
2022-05-18 08:50:30.280 [http-nio-9998-exec-2] INFO  com.ghw.hospital.util.HttpRequestHelper - --> 应答结果：result data {"code":200,"message":"成功","data":null,"ok":true}
2022-05-18 08:50:30.291 [http-nio-9998-exec-2] INFO  com.ghw.hospital.util.HttpRequestHelper - --> 发送请求：post data amount=100&hosScheduleId=23&availableNumber=6&sign=e30222a5efcbad4377150495c66c2baf&hoscode=1000_01&title=副主任医师&workTime=0&reservedNumber=40&workDate=2020-12-29&skill=骨质疏松和骨代谢疾病、糖尿病、甲状腺疾病。&docname=裴育&depcode=200040878&status=1&timestamp=1652835030286&
2022-05-18 08:50:30.369 [http-nio-9998-exec-2] INFO  com.ghw.hospital.util.HttpRequestHelper - --> 应答结果：result data {"code":200,"message":"成功","data":null,"ok":true}
2022-05-18 08:50:30.380 [http-nio-9998-exec-2] INFO  com.ghw.hospital.util.HttpRequestHelper - --> 发送请求：post data amount=100&hosScheduleId=24&availableNumber=10&sign=e30222a5efcbad4377150495c66c2baf&hoscode=1000_01&title=副主任医师&workTime=1&reservedNumber=27&workDate=2020-12-29&skill=内分泌与代谢性疾病。&docname=邵迎红&depcode=200040878&status=1&timestamp=1652835030376&
2022-05-18 08:50:30.461 [http-nio-9998-exec-2] INFO  com.ghw.hospital.util.HttpRequestHelper - --> 应答结果：result data {"code":200,"message":"成功","data":null,"ok":true}
2022-05-18 08:50:30.473 [http-nio-9998-exec-2] INFO  com.ghw.hospital.util.HttpRequestHelper - --> 发送请求：post data amount=100&hosScheduleId=25&availableNumber=22&sign=e30222a5efcbad4377150495c66c2baf&hoscode=1000_01&title=医师&workTime=0&reservedNumber=33&workDate=2020-12-21&skill=内分泌科常见病。&docname=邵迎红&depcode=200040878&status=1&timestamp=1652835030469&
2022-05-18 08:50:30.551 [http-nio-9998-exec-2] INFO  com.ghw.hospital.util.HttpRequestHelper - --> 应答结果：result data {"code":200,"message":"成功","data":null,"ok":true}
2022-05-18 08:50:30.563 [http-nio-9998-exec-2] INFO  com.ghw.hospital.util.HttpRequestHelper - --> 发送请求：post data amount=100&hosScheduleId=26&availableNumber=6&sign=e30222a5efcbad4377150495c66c2baf&hoscode=1000_01&title=副主任医师&workTime=0&reservedNumber=40&workDate=2020-12-30&skill=骨质疏松和骨代谢疾病、糖尿病、甲状腺疾病。&docname=裴育&depcode=200040878&status=1&timestamp=1652835030558&
2022-05-18 08:50:30.640 [http-nio-9998-exec-2] INFO  com.ghw.hospital.util.HttpRequestHelper - --> 应答结果：result data {"code":200,"message":"成功","data":null,"ok":true}
2022-05-18 08:50:30.651 [http-nio-9998-exec-2] INFO  com.ghw.hospital.util.HttpRequestHelper - --> 发送请求：post data amount=100&hosScheduleId=27&availableNumber=10&sign=e30222a5efcbad4377150495c66c2baf&hoscode=1000_01&title=副主任医师&workTime=1&reservedNumber=27&workDate=2020-12-30&skill=内分泌与代谢性疾病。&docname=邵迎红&depcode=200040878&status=1&timestamp=1652835030647&
2022-05-18 08:50:30.727 [http-nio-9998-exec-2] INFO  com.ghw.hospital.util.HttpRequestHelper - --> 应答结果：result data {"code":200,"message":"成功","data":null,"ok":true}
2022-05-18 08:50:30.734 [http-nio-9998-exec-2] INFO  com.ghw.hospital.util.HttpRequestHelper - --> 发送请求：post data amount=100&hosScheduleId=29&availableNumber=6&sign=e30222a5efcbad4377150495c66c2baf&hoscode=1000_01&title=副主任医师&workTime=0&reservedNumber=40&workDate=2020-12-30&skill=骨质疏松和骨代谢疾病、糖尿病、甲状腺疾病。&docname=裴育&depcode=200040878&status=1&timestamp=1652835030731&
2022-05-18 08:50:30.810 [http-nio-9998-exec-2] INFO  com.ghw.hospital.util.HttpRequestHelper - --> 应答结果：result data {"code":200,"message":"成功","data":null,"ok":true}
2022-05-18 08:50:30.823 [http-nio-9998-exec-2] INFO  com.ghw.hospital.util.HttpRequestHelper - --> 发送请求：post data amount=100&hosScheduleId=30&availableNumber=10&sign=e30222a5efcbad4377150495c66c2baf&hoscode=1000_01&title=副主任医师&workTime=1&reservedNumber=27&workDate=2020-12-30&skill=内分泌与代谢性疾病。&docname=邵迎红&depcode=200040878&status=1&timestamp=1652835030820&
2022-05-18 08:50:30.900 [http-nio-9998-exec-2] INFO  com.ghw.hospital.util.HttpRequestHelper - --> 应答结果：result data {"code":200,"message":"成功","data":null,"ok":true}
2022-05-18 08:50:30.910 [http-nio-9998-exec-2] INFO  com.ghw.hospital.util.HttpRequestHelper - --> 发送请求：post data amount=100&hosScheduleId=31&availableNumber=22&sign=e30222a5efcbad4377150495c66c2baf&hoscode=1000_01&title=医师&workTime=0&reservedNumber=33&workDate=2021-01-01&skill=内分泌科常见病。&docname=&depcode=200040878&status=1&timestamp=1652835030906&
2022-05-18 08:50:30.990 [http-nio-9998-exec-2] INFO  com.ghw.hospital.util.HttpRequestHelper - --> 应答结果：result data {"code":200,"message":"成功","data":null,"ok":true}
2022-05-18 08:50:31.003 [http-nio-9998-exec-2] INFO  com.ghw.hospital.util.HttpRequestHelper - --> 发送请求：post data amount=100&hosScheduleId=32&availableNumber=6&sign=e30222a5efcbad4377150495c66c2baf&hoscode=1000_01&title=副主任医师&workTime=0&reservedNumber=40&workDate=2021-01-01&skill=骨质疏松和骨代谢疾病、糖尿病、甲状腺疾病。&docname=裴育&depcode=200040878&status=1&timestamp=1652835030998&
2022-05-18 08:50:31.082 [http-nio-9998-exec-2] INFO  com.ghw.hospital.util.HttpRequestHelper - --> 应答结果：result data {"code":200,"message":"成功","data":null,"ok":true}
2022-05-18 08:50:31.091 [http-nio-9998-exec-2] INFO  com.ghw.hospital.util.HttpRequestHelper - --> 发送请求：post data amount=100&hosScheduleId=33&availableNumber=10&sign=e30222a5efcbad4377150495c66c2baf&hoscode=1000_01&title=副主任医师&workTime=1&reservedNumber=27&workDate=2021-01-01&skill=内分泌与代谢性疾病。&docname=邵迎红&depcode=200040878&status=1&timestamp=1652835031088&
2022-05-18 08:50:31.168 [http-nio-9998-exec-2] INFO  com.ghw.hospital.util.HttpRequestHelper - --> 应答结果：result data {"code":200,"message":"成功","data":null,"ok":true}
2022-05-18 08:50:31.180 [http-nio-9998-exec-2] INFO  com.ghw.hospital.util.HttpRequestHelper - --> 发送请求：post data amount=100&hosScheduleId=34&availableNumber=22&sign=e30222a5efcbad4377150495c66c2baf&hoscode=1000_01&title=医师&workTime=0&reservedNumber=33&workDate=2021-01-02&skill=内分泌科常见病。&docname=邵迎红&depcode=200040878&status=1&timestamp=1652835031176&
2022-05-18 08:50:31.257 [http-nio-9998-exec-2] INFO  com.ghw.hospital.util.HttpRequestHelper - --> 应答结果：result data {"code":200,"message":"成功","data":null,"ok":true}
2022-05-18 08:50:31.269 [http-nio-9998-exec-2] INFO  com.ghw.hospital.util.HttpRequestHelper - --> 发送请求：post data amount=100&hosScheduleId=35&availableNumber=6&sign=e30222a5efcbad4377150495c66c2baf&hoscode=1000_01&title=副主任医师&workTime=0&reservedNumber=40&workDate=2021-01-02&skill=骨质疏松和骨代谢疾病、糖尿病、甲状腺疾病。&docname=裴育&depcode=200040878&status=1&timestamp=1652835031265&
2022-05-18 08:50:31.345 [http-nio-9998-exec-2] INFO  com.ghw.hospital.util.HttpRequestHelper - --> 应答结果：result data {"code":200,"message":"成功","data":null,"ok":true}
2022-05-18 08:50:31.354 [http-nio-9998-exec-2] INFO  com.ghw.hospital.util.HttpRequestHelper - --> 发送请求：post data amount=100&hosScheduleId=36&availableNumber=10&sign=e30222a5efcbad4377150495c66c2baf&hoscode=1000_01&title=副主任医师&workTime=1&reservedNumber=27&workDate=2021-01-02&skill=内分泌与代谢性疾病。&docname=邵迎红&depcode=200040878&status=1&timestamp=1652835031351&
2022-05-18 08:50:31.432 [http-nio-9998-exec-2] INFO  com.ghw.hospital.util.HttpRequestHelper - --> 应答结果：result data {"code":200,"message":"成功","data":null,"ok":true}
2022-05-18 08:50:31.442 [http-nio-9998-exec-2] INFO  com.ghw.hospital.util.HttpRequestHelper - --> 发送请求：post data amount=100&hosScheduleId=37&availableNumber=22&sign=e30222a5efcbad4377150495c66c2baf&hoscode=1000_01&title=医师&workTime=0&reservedNumber=33&workDate=2021-01-03&skill=内分泌科常见病。&docname=邵迎红&depcode=200040878&status=1&timestamp=1652835031437&
2022-05-18 08:50:31.533 [http-nio-9998-exec-2] INFO  com.ghw.hospital.util.HttpRequestHelper - --> 应答结果：result data {"code":200,"message":"成功","data":null,"ok":true}
2022-05-18 08:50:31.568 [http-nio-9998-exec-2] INFO  com.ghw.hospital.util.HttpRequestHelper - --> 发送请求：post data amount=100&hosScheduleId=38&availableNumber=6&sign=e30222a5efcbad4377150495c66c2baf&hoscode=1000_01&title=副主任医师&workTime=0&reservedNumber=40&workDate=2021-01-03&skill=骨质疏松和骨代谢疾病、糖尿病、甲状腺疾病。&docname=裴育&depcode=200040878&status=1&timestamp=1652835031566&
2022-05-18 08:50:31.646 [http-nio-9998-exec-2] INFO  com.ghw.hospital.util.HttpRequestHelper - --> 应答结果：result data {"code":200,"message":"成功","data":null,"ok":true}
2022-05-18 08:50:31.654 [http-nio-9998-exec-2] INFO  com.ghw.hospital.util.HttpRequestHelper - --> 发送请求：post data amount=100&hosScheduleId=39&availableNumber=10&sign=e30222a5efcbad4377150495c66c2baf&hoscode=1000_01&title=副主任医师&workTime=1&reservedNumber=27&workDate=2021-01-03&skill=内分泌与代谢性疾病。&docname=邵迎红&depcode=200040878&status=1&timestamp=1652835031651&
2022-05-18 08:50:31.732 [http-nio-9998-exec-2] INFO  com.ghw.hospital.util.HttpRequestHelper - --> 应答结果：result data {"code":200,"message":"成功","data":null,"ok":true}
2022-05-18 08:50:31.742 [http-nio-9998-exec-2] INFO  com.ghw.hospital.util.HttpRequestHelper - --> 发送请求：post data amount=100&hosScheduleId=40&availableNumber=22&sign=e30222a5efcbad4377150495c66c2baf&hoscode=1000_01&title=医师&workTime=0&reservedNumber=33&workDate=2021-01-04&skill=内分泌科常见病。&docname=邵迎红&depcode=200040878&status=1&timestamp=1652835031739&
2022-05-18 08:50:31.820 [http-nio-9998-exec-2] INFO  com.ghw.hospital.util.HttpRequestHelper - --> 应答结果：result data {"code":200,"message":"成功","data":null,"ok":true}
2022-05-18 08:50:31.829 [http-nio-9998-exec-2] INFO  com.ghw.hospital.util.HttpRequestHelper - --> 发送请求：post data amount=100&hosScheduleId=41&availableNumber=6&sign=e30222a5efcbad4377150495c66c2baf&hoscode=1000_01&title=副主任医师&workTime=0&reservedNumber=40&workDate=2021-01-04&skill=骨质疏松和骨代谢疾病、糖尿病、甲状腺疾病。&docname=裴育&depcode=200040878&status=1&timestamp=1652835031826&
2022-05-18 08:50:31.904 [http-nio-9998-exec-2] INFO  com.ghw.hospital.util.HttpRequestHelper - --> 应答结果：result data {"code":200,"message":"成功","data":null,"ok":true}
2022-05-18 08:50:31.917 [http-nio-9998-exec-2] INFO  com.ghw.hospital.util.HttpRequestHelper - --> 发送请求：post data amount=100&hosScheduleId=42&availableNumber=10&sign=e30222a5efcbad4377150495c66c2baf&hoscode=1000_01&title=副主任医师&workTime=1&reservedNumber=27&workDate=2021-01-04&skill=内分泌与代谢性疾病。&docname=邵迎红&depcode=200040878&status=1&timestamp=1652835031912&
2022-05-18 08:50:31.994 [http-nio-9998-exec-2] INFO  com.ghw.hospital.util.HttpRequestHelper - --> 应答结果：result data {"code":200,"message":"成功","data":null,"ok":true}
2022-05-18 08:50:32.003 [http-nio-9998-exec-2] INFO  com.ghw.hospital.util.HttpRequestHelper - --> 发送请求：post data amount=100&hosScheduleId=43&availableNumber=22&sign=e30222a5efcbad4377150495c66c2baf&hoscode=1000_01&title=医师&workTime=0&reservedNumber=33&workDate=2021-01-05&skill=内分泌科常见病。&docname=邵迎红&depcode=200040878&status=1&timestamp=1652835031999&
2022-05-18 08:50:32.080 [http-nio-9998-exec-2] INFO  com.ghw.hospital.util.HttpRequestHelper - --> 应答结果：result data {"code":200,"message":"成功","data":null,"ok":true}
2022-05-18 08:50:32.089 [http-nio-9998-exec-2] INFO  com.ghw.hospital.util.HttpRequestHelper - --> 发送请求：post data amount=100&hosScheduleId=44&availableNumber=6&sign=e30222a5efcbad4377150495c66c2baf&hoscode=1000_01&title=副主任医师&workTime=0&reservedNumber=40&workDate=2021-01-05&skill=骨质疏松和骨代谢疾病、糖尿病、甲状腺疾病。&docname=裴育&depcode=200040878&status=1&timestamp=1652835032086&
2022-05-18 08:50:32.164 [http-nio-9998-exec-2] INFO  com.ghw.hospital.util.HttpRequestHelper - --> 应答结果：result data {"code":200,"message":"成功","data":null,"ok":true}
2022-05-18 08:50:32.172 [http-nio-9998-exec-2] INFO  com.ghw.hospital.util.HttpRequestHelper - --> 发送请求：post data amount=100&hosScheduleId=45&availableNumber=10&sign=e30222a5efcbad4377150495c66c2baf&hoscode=1000_01&title=副主任医师&workTime=1&reservedNumber=27&workDate=2021-01-05&skill=内分泌与代谢性疾病。&docname=邵迎红&depcode=200040878&status=1&timestamp=1652835032168&
2022-05-18 08:50:32.249 [http-nio-9998-exec-2] INFO  com.ghw.hospital.util.HttpRequestHelper - --> 应答结果：result data {"code":200,"message":"成功","data":null,"ok":true}
2022-05-18 08:50:32.260 [http-nio-9998-exec-2] INFO  com.ghw.hospital.util.HttpRequestHelper - --> 发送请求：post data amount=100&hosScheduleId=46&availableNumber=22&sign=e30222a5efcbad4377150495c66c2baf&hoscode=1000_01&title=医师&workTime=0&reservedNumber=33&workDate=2021-01-06&skill=内分泌科常见病。&docname=邵迎红&depcode=200040878&status=1&timestamp=1652835032254&
2022-05-18 08:50:32.335 [http-nio-9998-exec-2] INFO  com.ghw.hospital.util.HttpRequestHelper - --> 应答结果：result data {"code":200,"message":"成功","data":null,"ok":true}
2022-05-18 08:50:32.344 [http-nio-9998-exec-2] INFO  com.ghw.hospital.util.HttpRequestHelper - --> 发送请求：post data amount=100&hosScheduleId=47&availableNumber=6&sign=e30222a5efcbad4377150495c66c2baf&hoscode=1000_01&title=副主任医师&workTime=0&reservedNumber=40&workDate=2021-01-06&skill=骨质疏松和骨代谢疾病、糖尿病、甲状腺疾病。&docname=裴育&depcode=200040878&status=1&timestamp=1652835032342&
2022-05-18 08:50:32.423 [http-nio-9998-exec-2] INFO  com.ghw.hospital.util.HttpRequestHelper - --> 应答结果：result data {"code":200,"message":"成功","data":null,"ok":true}
2022-05-18 08:50:32.432 [http-nio-9998-exec-2] INFO  com.ghw.hospital.util.HttpRequestHelper - --> 发送请求：post data amount=100&hosScheduleId=48&availableNumber=10&sign=e30222a5efcbad4377150495c66c2baf&hoscode=1000_01&title=副主任医师&workTime=1&reservedNumber=27&workDate=2021-01-06&skill=内分泌与代谢性疾病。&docname=邵迎红&depcode=200040878&status=1&timestamp=1652835032429&
2022-05-18 08:50:32.506 [http-nio-9998-exec-2] INFO  com.ghw.hospital.util.HttpRequestHelper - --> 应答结果：result data {"code":200,"message":"成功","data":null,"ok":true}
2022-05-18 08:50:32.520 [http-nio-9998-exec-2] INFO  com.ghw.hospital.util.HttpRequestHelper - --> 发送请求：post data amount=100&hosScheduleId=49&availableNumber=22&sign=e30222a5efcbad4377150495c66c2baf&hoscode=1000_01&title=医师&workTime=0&reservedNumber=33&workDate=2021-01-07&skill=内分泌科常见病。&docname=&depcode=200040878&status=1&timestamp=1652835032515&
2022-05-18 08:50:32.596 [http-nio-9998-exec-2] INFO  com.ghw.hospital.util.HttpRequestHelper - --> 应答结果：result data {"code":200,"message":"成功","data":null,"ok":true}
2022-05-18 08:50:32.604 [http-nio-9998-exec-2] INFO  com.ghw.hospital.util.HttpRequestHelper - --> 发送请求：post data amount=100&hosScheduleId=50&availableNumber=6&sign=e30222a5efcbad4377150495c66c2baf&hoscode=1000_01&title=副主任医师&workTime=0&reservedNumber=40&workDate=2021-01-07&skill=骨质疏松和骨代谢疾病、糖尿病、甲状腺疾病。&docname=裴育&depcode=200040878&status=1&timestamp=1652835032600&
2022-05-18 08:50:32.680 [http-nio-9998-exec-2] INFO  com.ghw.hospital.util.HttpRequestHelper - --> 应答结果：result data {"code":200,"message":"成功","data":null,"ok":true}
2022-05-18 08:50:32.690 [http-nio-9998-exec-2] INFO  com.ghw.hospital.util.HttpRequestHelper - --> 发送请求：post data amount=100&hosScheduleId=51&availableNumber=10&sign=e30222a5efcbad4377150495c66c2baf&hoscode=1000_01&title=副主任医师&workTime=1&reservedNumber=27&workDate=2021-01-07&skill=内分泌与代谢性疾病。&docname=邵迎红&depcode=200040878&status=1&timestamp=1652835032685&
2022-05-18 08:50:32.766 [http-nio-9998-exec-2] INFO  com.ghw.hospital.util.HttpRequestHelper - --> 应答结果：result data {"code":200,"message":"成功","data":null,"ok":true}
2022-05-18 08:50:32.776 [http-nio-9998-exec-2] INFO  com.ghw.hospital.util.HttpRequestHelper - --> 发送请求：post data amount=100&hosScheduleId=52&availableNumber=22&sign=e30222a5efcbad4377150495c66c2baf&hoscode=1000_01&title=医师&workTime=0&reservedNumber=33&workDate=2021-01-08&skill=内分泌科常见病。&docname=&depcode=200040878&status=1&timestamp=1652835032774&
2022-05-18 08:50:32.854 [http-nio-9998-exec-2] INFO  com.ghw.hospital.util.HttpRequestHelper - --> 应答结果：result data {"code":200,"message":"成功","data":null,"ok":true}
2022-05-18 08:50:32.864 [http-nio-9998-exec-2] INFO  com.ghw.hospital.util.HttpRequestHelper - --> 发送请求：post data amount=100&hosScheduleId=53&availableNumber=6&sign=e30222a5efcbad4377150495c66c2baf&hoscode=1000_01&title=副主任医师&workTime=0&reservedNumber=40&workDate=2021-01-08&skill=骨质疏松和骨代谢疾病、糖尿病、甲状腺疾病。&docname=裴育&depcode=200040878&status=1&timestamp=1652835032861&
2022-05-18 08:50:32.943 [http-nio-9998-exec-2] INFO  com.ghw.hospital.util.HttpRequestHelper - --> 应答结果：result data {"code":200,"message":"成功","data":null,"ok":true}
2022-05-18 08:50:32.952 [http-nio-9998-exec-2] INFO  com.ghw.hospital.util.HttpRequestHelper - --> 发送请求：post data amount=100&hosScheduleId=54&availableNumber=10&sign=e30222a5efcbad4377150495c66c2baf&hoscode=1000_01&title=副主任医师&workTime=1&reservedNumber=27&workDate=2021-01-08&skill=内分泌与代谢性疾病。&docname=邵迎红&depcode=200040878&status=1&timestamp=1652835032949&
2022-05-18 08:50:33.029 [http-nio-9998-exec-2] INFO  com.ghw.hospital.util.HttpRequestHelper - --> 应答结果：result data {"code":200,"message":"成功","data":null,"ok":true}
2022-05-18 08:50:33.039 [http-nio-9998-exec-2] INFO  com.ghw.hospital.util.HttpRequestHelper - --> 发送请求：post data amount=100&hosScheduleId=55&availableNumber=22&sign=e30222a5efcbad4377150495c66c2baf&hoscode=1000_01&title=医师&workTime=0&reservedNumber=33&workDate=2021-01-09&skill=内分泌科常见病。&docname=&depcode=200040878&status=1&timestamp=1652835033036&
2022-05-18 08:50:33.117 [http-nio-9998-exec-2] INFO  com.ghw.hospital.util.HttpRequestHelper - --> 应答结果：result data {"code":200,"message":"成功","data":null,"ok":true}
2022-05-18 08:50:33.127 [http-nio-9998-exec-2] INFO  com.ghw.hospital.util.HttpRequestHelper - --> 发送请求：post data amount=100&hosScheduleId=56&availableNumber=6&sign=e30222a5efcbad4377150495c66c2baf&hoscode=1000_01&title=副主任医师&workTime=0&reservedNumber=40&workDate=2021-01-09&skill=骨质疏松和骨代谢疾病、糖尿病、甲状腺疾病。&docname=裴育&depcode=200040878&status=1&timestamp=1652835033124&
2022-05-18 08:50:33.206 [http-nio-9998-exec-2] INFO  com.ghw.hospital.util.HttpRequestHelper - --> 应答结果：result data {"code":200,"message":"成功","data":null,"ok":true}
2022-05-18 08:50:33.219 [http-nio-9998-exec-2] INFO  com.ghw.hospital.util.HttpRequestHelper - --> 发送请求：post data amount=100&hosScheduleId=57&availableNumber=10&sign=e30222a5efcbad4377150495c66c2baf&hoscode=1000_01&title=副主任医师&workTime=1&reservedNumber=27&workDate=2021-01-09&skill=内分泌与代谢性疾病。&docname=邵迎红&depcode=200040878&status=1&timestamp=1652835033214&
2022-05-18 08:50:33.294 [http-nio-9998-exec-2] INFO  com.ghw.hospital.util.HttpRequestHelper - --> 应答结果：result data {"code":200,"message":"成功","data":null,"ok":true}
2022-05-18 08:50:33.305 [http-nio-9998-exec-2] INFO  com.ghw.hospital.util.HttpRequestHelper - --> 发送请求：post data amount=100&hosScheduleId=58&availableNumber=22&sign=e30222a5efcbad4377150495c66c2baf&hoscode=1000_01&title=医师&workTime=0&reservedNumber=33&workDate=2021-01-10&skill=内分泌科常见病。&docname=&depcode=200040878&status=1&timestamp=1652835033300&
2022-05-18 08:50:33.383 [http-nio-9998-exec-2] INFO  com.ghw.hospital.util.HttpRequestHelper - --> 应答结果：result data {"code":200,"message":"成功","data":null,"ok":true}
2022-05-18 08:50:33.394 [http-nio-9998-exec-2] INFO  com.ghw.hospital.util.HttpRequestHelper - --> 发送请求：post data amount=100&hosScheduleId=59&availableNumber=6&sign=e30222a5efcbad4377150495c66c2baf&hoscode=1000_01&title=副主任医师&workTime=0&reservedNumber=40&workDate=2021-01-10&skill=骨质疏松和骨代谢疾病、糖尿病、甲状腺疾病。&docname=裴育&depcode=200040878&status=1&timestamp=1652835033390&
2022-05-18 08:50:33.471 [http-nio-9998-exec-2] INFO  com.ghw.hospital.util.HttpRequestHelper - --> 应答结果：result data {"code":200,"message":"成功","data":null,"ok":true}
2022-05-18 08:50:33.482 [http-nio-9998-exec-2] INFO  com.ghw.hospital.util.HttpRequestHelper - --> 发送请求：post data amount=100&hosScheduleId=60&availableNumber=10&sign=e30222a5efcbad4377150495c66c2baf&hoscode=1000_01&title=副主任医师&workTime=1&reservedNumber=27&workDate=2021-01-10&skill=内分泌与代谢性疾病。&docname=邵迎红&depcode=200040878&status=1&timestamp=1652835033478&
2022-05-18 08:50:33.558 [http-nio-9998-exec-2] INFO  com.ghw.hospital.util.HttpRequestHelper - --> 应答结果：result data {"code":200,"message":"成功","data":null,"ok":true}
2022-05-18 08:50:33.566 [http-nio-9998-exec-2] INFO  com.ghw.hospital.util.HttpRequestHelper - --> 发送请求：post data amount=100&hosScheduleId=61&availableNumber=22&sign=e30222a5efcbad4377150495c66c2baf&hoscode=1000_01&title=医师&workTime=0&reservedNumber=33&workDate=2021-01-11&skill=内分泌科常见病。&docname=&depcode=200040878&status=1&timestamp=1652835033564&
2022-05-18 08:50:33.643 [http-nio-9998-exec-2] INFO  com.ghw.hospital.util.HttpRequestHelper - --> 应答结果：result data {"code":200,"message":"成功","data":null,"ok":true}
2022-05-18 08:50:33.651 [http-nio-9998-exec-2] INFO  com.ghw.hospital.util.HttpRequestHelper - --> 发送请求：post data amount=100&hosScheduleId=62&availableNumber=6&sign=e30222a5efcbad4377150495c66c2baf&hoscode=1000_01&title=副主任医师&workTime=0&reservedNumber=40&workDate=2021-01-11&skill=骨质疏松和骨代谢疾病、糖尿病、甲状腺疾病。&docname=裴育&depcode=200040878&status=1&timestamp=1652835033648&
2022-05-18 08:50:33.726 [http-nio-9998-exec-2] INFO  com.ghw.hospital.util.HttpRequestHelper - --> 应答结果：result data {"code":200,"message":"成功","data":null,"ok":true}
2022-05-18 08:50:33.733 [http-nio-9998-exec-2] INFO  com.ghw.hospital.util.HttpRequestHelper - --> 发送请求：post data amount=100&hosScheduleId=63&availableNumber=10&sign=e30222a5efcbad4377150495c66c2baf&hoscode=1000_01&title=副主任医师&workTime=1&reservedNumber=27&workDate=2021-01-11&skill=内分泌与代谢性疾病。&docname=邵迎红&depcode=200040878&status=1&timestamp=1652835033730&
2022-05-18 08:50:33.809 [http-nio-9998-exec-2] INFO  com.ghw.hospital.util.HttpRequestHelper - --> 应答结果：result data {"code":200,"message":"成功","data":null,"ok":true}
2022-05-18 08:50:33.828 [http-nio-9998-exec-2] INFO  com.ghw.hospital.util.HttpRequestHelper - --> 发送请求：post data amount=100&hosScheduleId=64&availableNumber=22&sign=e30222a5efcbad4377150495c66c2baf&hoscode=1000_01&title=医师&workTime=0&reservedNumber=33&workDate=2021-01-12&skill=内分泌科常见病。&docname=&depcode=200040878&status=1&timestamp=1652835033820&
2022-05-18 08:50:33.906 [http-nio-9998-exec-2] INFO  com.ghw.hospital.util.HttpRequestHelper - --> 应答结果：result data {"code":200,"message":"成功","data":null,"ok":true}
2022-05-18 08:50:33.920 [http-nio-9998-exec-2] INFO  com.ghw.hospital.util.HttpRequestHelper - --> 发送请求：post data amount=100&hosScheduleId=65&availableNumber=6&sign=e30222a5efcbad4377150495c66c2baf&hoscode=1000_01&title=副主任医师&workTime=0&reservedNumber=40&workDate=2021-01-12&skill=骨质疏松和骨代谢疾病、糖尿病、甲状腺疾病。&docname=裴育&depcode=200040878&status=1&timestamp=1652835033915&
2022-05-18 08:50:33.997 [http-nio-9998-exec-2] INFO  com.ghw.hospital.util.HttpRequestHelper - --> 应答结果：result data {"code":200,"message":"成功","data":null,"ok":true}
2022-05-18 08:50:34.006 [http-nio-9998-exec-2] INFO  com.ghw.hospital.util.HttpRequestHelper - --> 发送请求：post data amount=100&hosScheduleId=66&availableNumber=10&sign=e30222a5efcbad4377150495c66c2baf&hoscode=1000_01&title=副主任医师&workTime=1&reservedNumber=27&workDate=2021-01-12&skill=内分泌与代谢性疾病。&docname=邵迎红&depcode=200040878&status=1&timestamp=1652835034002&
2022-05-18 08:50:34.081 [http-nio-9998-exec-2] INFO  com.ghw.hospital.util.HttpRequestHelper - --> 应答结果：result data {"code":200,"message":"成功","data":null,"ok":true}
2022-05-18 08:50:34.092 [http-nio-9998-exec-2] INFO  com.ghw.hospital.util.HttpRequestHelper - --> 发送请求：post data amount=100&hosScheduleId=67&availableNumber=22&sign=e30222a5efcbad4377150495c66c2baf&hoscode=1000_01&title=医师&workTime=0&reservedNumber=33&workDate=2021-01-13&skill=内分泌科常见病。&docname=&depcode=200040878&status=1&timestamp=1652835034086&
2022-05-18 08:50:34.167 [http-nio-9998-exec-2] INFO  com.ghw.hospital.util.HttpRequestHelper - --> 应答结果：result data {"code":200,"message":"成功","data":null,"ok":true}
2022-05-18 08:50:34.178 [http-nio-9998-exec-2] INFO  com.ghw.hospital.util.HttpRequestHelper - --> 发送请求：post data amount=100&hosScheduleId=68&availableNumber=6&sign=e30222a5efcbad4377150495c66c2baf&hoscode=1000_01&title=副主任医师&workTime=0&reservedNumber=40&workDate=2021-01-13&skill=骨质疏松和骨代谢疾病、糖尿病、甲状腺疾病。&docname=裴育&depcode=200040878&status=1&timestamp=1652835034175&
2022-05-18 08:50:34.253 [http-nio-9998-exec-2] INFO  com.ghw.hospital.util.HttpRequestHelper - --> 应答结果：result data {"code":200,"message":"成功","data":null,"ok":true}
2022-05-18 08:50:34.264 [http-nio-9998-exec-2] INFO  com.ghw.hospital.util.HttpRequestHelper - --> 发送请求：post data amount=100&hosScheduleId=69&availableNumber=10&sign=e30222a5efcbad4377150495c66c2baf&hoscode=1000_01&title=副主任医师&workTime=1&reservedNumber=27&workDate=2021-01-13&skill=内分泌与代谢性疾病。&docname=邵迎红&depcode=200040878&status=1&timestamp=1652835034260&
2022-05-18 08:50:34.340 [http-nio-9998-exec-2] INFO  com.ghw.hospital.util.HttpRequestHelper - --> 应答结果：result data {"code":200,"message":"成功","data":null,"ok":true}
2022-05-18 08:50:34.350 [http-nio-9998-exec-2] INFO  com.ghw.hospital.util.HttpRequestHelper - --> 发送请求：post data amount=100&hosScheduleId=70&availableNumber=22&sign=e30222a5efcbad4377150495c66c2baf&hoscode=1000_01&title=医师&workTime=0&reservedNumber=33&workDate=2021-01-14&skill=内分泌科常见病。&docname=&depcode=200040878&status=1&timestamp=1652835034347&
2022-05-18 08:50:34.428 [http-nio-9998-exec-2] INFO  com.ghw.hospital.util.HttpRequestHelper - --> 应答结果：result data {"code":200,"message":"成功","data":null,"ok":true}
2022-05-18 08:50:34.436 [http-nio-9998-exec-2] INFO  com.ghw.hospital.util.HttpRequestHelper - --> 发送请求：post data amount=100&hosScheduleId=71&availableNumber=6&sign=e30222a5efcbad4377150495c66c2baf&hoscode=1000_01&title=副主任医师&workTime=0&reservedNumber=40&workDate=2021-01-14&skill=骨质疏松和骨代谢疾病、糖尿病、甲状腺疾病。&docname=裴育&depcode=200040878&status=1&timestamp=1652835034434&
2022-05-18 08:50:34.513 [http-nio-9998-exec-2] INFO  com.ghw.hospital.util.HttpRequestHelper - --> 应答结果：result data {"code":200,"message":"成功","data":null,"ok":true}
2022-05-18 08:50:34.523 [http-nio-9998-exec-2] INFO  com.ghw.hospital.util.HttpRequestHelper - --> 发送请求：post data amount=100&hosScheduleId=72&availableNumber=10&sign=e30222a5efcbad4377150495c66c2baf&hoscode=1000_01&title=副主任医师&workTime=1&reservedNumber=27&workDate=2021-01-14&skill=内分泌与代谢性疾病。&docname=邵迎红&depcode=200040878&status=1&timestamp=1652835034520&
2022-05-18 08:50:34.598 [http-nio-9998-exec-2] INFO  com.ghw.hospital.util.HttpRequestHelper - --> 应答结果：result data {"code":200,"message":"成功","data":null,"ok":true}
2022-05-18 08:50:34.608 [http-nio-9998-exec-2] INFO  com.ghw.hospital.util.HttpRequestHelper - --> 发送请求：post data amount=100&hosScheduleId=73&availableNumber=22&sign=e30222a5efcbad4377150495c66c2baf&hoscode=1000_01&title=医师&workTime=0&reservedNumber=33&workDate=2021-01-15&skill=内分泌科常见病。&docname=&depcode=200040878&status=1&timestamp=1652835034603&
2022-05-18 08:50:34.687 [http-nio-9998-exec-2] INFO  com.ghw.hospital.util.HttpRequestHelper - --> 应答结果：result data {"code":200,"message":"成功","data":null,"ok":true}
2022-05-18 08:50:34.697 [http-nio-9998-exec-2] INFO  com.ghw.hospital.util.HttpRequestHelper - --> 发送请求：post data amount=100&hosScheduleId=74&availableNumber=6&sign=e30222a5efcbad4377150495c66c2baf&hoscode=1000_01&title=副主任医师&workTime=0&reservedNumber=40&workDate=2021-01-15&skill=骨质疏松和骨代谢疾病、糖尿病、甲状腺疾病。&docname=裴育&depcode=200040878&status=1&timestamp=1652835034694&
2022-05-18 08:50:34.774 [http-nio-9998-exec-2] INFO  com.ghw.hospital.util.HttpRequestHelper - --> 应答结果：result data {"code":200,"message":"成功","data":null,"ok":true}
2022-05-18 08:50:34.782 [http-nio-9998-exec-2] INFO  com.ghw.hospital.util.HttpRequestHelper - --> 发送请求：post data amount=100&hosScheduleId=75&availableNumber=10&sign=e30222a5efcbad4377150495c66c2baf&hoscode=1000_01&title=副主任医师&workTime=1&reservedNumber=27&workDate=2021-01-15&skill=内分泌与代谢性疾病。&docname=邵迎红&depcode=200040878&status=1&timestamp=1652835034779&
2022-05-18 08:50:34.857 [http-nio-9998-exec-2] INFO  com.ghw.hospital.util.HttpRequestHelper - --> 应答结果：result data {"code":200,"message":"成功","data":null,"ok":true}
2022-05-18 08:50:34.868 [http-nio-9998-exec-2] INFO  com.ghw.hospital.util.HttpRequestHelper - --> 发送请求：post data amount=100&hosScheduleId=76&availableNumber=22&sign=e30222a5efcbad4377150495c66c2baf&hoscode=1000_01&title=医师&workTime=0&reservedNumber=33&workDate=2021-01-16&skill=内分泌科常见病。&docname=&depcode=200040878&status=1&timestamp=1652835034864&
2022-05-18 08:50:34.947 [http-nio-9998-exec-2] INFO  com.ghw.hospital.util.HttpRequestHelper - --> 应答结果：result data {"code":200,"message":"成功","data":null,"ok":true}
2022-05-18 08:50:34.955 [http-nio-9998-exec-2] INFO  com.ghw.hospital.util.HttpRequestHelper - --> 发送请求：post data amount=100&hosScheduleId=77&availableNumber=6&sign=e30222a5efcbad4377150495c66c2baf&hoscode=1000_01&title=副主任医师&workTime=0&reservedNumber=40&workDate=2021-01-16&skill=骨质疏松和骨代谢疾病、糖尿病、甲状腺疾病。&docname=裴育&depcode=200040878&status=1&timestamp=1652835034951&
2022-05-18 08:50:35.030 [http-nio-9998-exec-2] INFO  com.ghw.hospital.util.HttpRequestHelper - --> 应答结果：result data {"code":200,"message":"成功","data":null,"ok":true}
2022-05-18 08:50:35.040 [http-nio-9998-exec-2] INFO  com.ghw.hospital.util.HttpRequestHelper - --> 发送请求：post data amount=100&hosScheduleId=78&availableNumber=10&sign=e30222a5efcbad4377150495c66c2baf&hoscode=1000_01&title=副主任医师&workTime=1&reservedNumber=27&workDate=2021-01-16&skill=内分泌与代谢性疾病。&docname=邵迎红&depcode=200040878&status=1&timestamp=1652835035035&
2022-05-18 08:50:35.120 [http-nio-9998-exec-2] INFO  com.ghw.hospital.util.HttpRequestHelper - --> 应答结果：result data {"code":200,"message":"成功","data":null,"ok":true}
2022-05-18 08:50:35.134 [http-nio-9998-exec-2] INFO  com.ghw.hospital.util.HttpRequestHelper - --> 发送请求：post data amount=100&hosScheduleId=79&availableNumber=22&sign=e30222a5efcbad4377150495c66c2baf&hoscode=1000_01&title=医师&workTime=0&reservedNumber=33&workDate=2021-01-17&skill=内分泌科常见病。&docname=&depcode=200040878&status=1&timestamp=1652835035130&
2022-05-18 08:50:35.213 [http-nio-9998-exec-2] INFO  com.ghw.hospital.util.HttpRequestHelper - --> 应答结果：result data {"code":200,"message":"成功","data":null,"ok":true}
2022-05-18 08:50:35.226 [http-nio-9998-exec-2] INFO  com.ghw.hospital.util.HttpRequestHelper - --> 发送请求：post data amount=100&hosScheduleId=80&availableNumber=6&sign=e30222a5efcbad4377150495c66c2baf&hoscode=1000_01&title=副主任医师&workTime=0&reservedNumber=40&workDate=2021-01-17&skill=骨质疏松和骨代谢疾病、糖尿病、甲状腺疾病。&docname=裴育&depcode=200040878&status=1&timestamp=1652835035219&
2022-05-18 08:50:35.304 [http-nio-9998-exec-2] INFO  com.ghw.hospital.util.HttpRequestHelper - --> 应答结果：result data {"code":200,"message":"成功","data":null,"ok":true}
2022-05-18 08:50:35.317 [http-nio-9998-exec-2] INFO  com.ghw.hospital.util.HttpRequestHelper - --> 发送请求：post data amount=100&hosScheduleId=81&availableNumber=10&sign=e30222a5efcbad4377150495c66c2baf&hoscode=1000_01&title=副主任医师&workTime=1&reservedNumber=27&workDate=2021-01-17&skill=内分泌与代谢性疾病。&docname=邵迎红&depcode=200040878&status=1&timestamp=1652835035314&
2022-05-18 08:50:35.397 [http-nio-9998-exec-2] INFO  com.ghw.hospital.util.HttpRequestHelper - --> 应答结果：result data {"code":200,"message":"成功","data":null,"ok":true}
2022-05-18 08:50:35.410 [http-nio-9998-exec-2] INFO  com.ghw.hospital.util.HttpRequestHelper - --> 发送请求：post data amount=100&hosScheduleId=82&availableNumber=22&sign=e30222a5efcbad4377150495c66c2baf&hoscode=1000_01&title=医师&workTime=0&reservedNumber=33&workDate=2021-01-18&skill=内分泌科常见病。&docname=&depcode=200040878&status=1&timestamp=1652835035405&
2022-05-18 08:50:35.493 [http-nio-9998-exec-2] INFO  com.ghw.hospital.util.HttpRequestHelper - --> 应答结果：result data {"code":200,"message":"成功","data":null,"ok":true}
2022-05-18 08:50:35.500 [http-nio-9998-exec-2] INFO  com.ghw.hospital.util.HttpRequestHelper - --> 发送请求：post data amount=100&hosScheduleId=83&availableNumber=6&sign=e30222a5efcbad4377150495c66c2baf&hoscode=1000_01&title=副主任医师&workTime=0&reservedNumber=40&workDate=2021-01-18&skill=骨质疏松和骨代谢疾病、糖尿病、甲状腺疾病。&docname=裴育&depcode=200040878&status=1&timestamp=1652835035498&
2022-05-18 08:50:35.576 [http-nio-9998-exec-2] INFO  com.ghw.hospital.util.HttpRequestHelper - --> 应答结果：result data {"code":200,"message":"成功","data":null,"ok":true}
2022-05-18 08:50:35.585 [http-nio-9998-exec-2] INFO  com.ghw.hospital.util.HttpRequestHelper - --> 发送请求：post data amount=100&hosScheduleId=84&availableNumber=10&sign=e30222a5efcbad4377150495c66c2baf&hoscode=1000_01&title=副主任医师&workTime=1&reservedNumber=27&workDate=2021-01-18&skill=内分泌与代谢性疾病。&docname=邵迎红&depcode=200040878&status=1&timestamp=1652835035582&
2022-05-18 08:50:35.669 [http-nio-9998-exec-2] INFO  com.ghw.hospital.util.HttpRequestHelper - --> 应答结果：result data {"code":200,"message":"成功","data":null,"ok":true}
2022-05-18 08:50:35.682 [http-nio-9998-exec-2] INFO  com.ghw.hospital.util.HttpRequestHelper - --> 发送请求：post data amount=100&hosScheduleId=85&availableNumber=22&sign=e30222a5efcbad4377150495c66c2baf&hoscode=1000_01&title=医师&workTime=0&reservedNumber=33&workDate=2021-01-19&skill=内分泌科常见病。&docname=&depcode=200040878&status=1&timestamp=1652835035677&
2022-05-18 08:50:35.781 [http-nio-9998-exec-2] INFO  com.ghw.hospital.util.HttpRequestHelper - --> 应答结果：result data {"code":200,"message":"成功","data":null,"ok":true}
2022-05-18 08:50:35.801 [http-nio-9998-exec-2] INFO  com.ghw.hospital.util.HttpRequestHelper - --> 发送请求：post data amount=100&hosScheduleId=86&availableNumber=6&sign=e30222a5efcbad4377150495c66c2baf&hoscode=1000_01&title=副主任医师&workTime=0&reservedNumber=40&workDate=2021-01-19&skill=骨质疏松和骨代谢疾病、糖尿病、甲状腺疾病。&docname=裴育&depcode=200040878&status=1&timestamp=1652835035794&
2022-05-18 08:50:35.884 [http-nio-9998-exec-2] INFO  com.ghw.hospital.util.HttpRequestHelper - --> 应答结果：result data {"code":200,"message":"成功","data":null,"ok":true}
2022-05-18 08:50:35.893 [http-nio-9998-exec-2] INFO  com.ghw.hospital.util.HttpRequestHelper - --> 发送请求：post data amount=100&hosScheduleId=87&availableNumber=10&sign=e30222a5efcbad4377150495c66c2baf&hoscode=1000_01&title=副主任医师&workTime=1&reservedNumber=27&workDate=2021-01-19&skill=内分泌与代谢性疾病。&docname=邵迎红&depcode=200040878&status=1&timestamp=1652835035891&
2022-05-18 08:50:35.971 [http-nio-9998-exec-2] INFO  com.ghw.hospital.util.HttpRequestHelper - --> 应答结果：result data {"code":200,"message":"成功","data":null,"ok":true}
2022-05-18 08:50:35.980 [http-nio-9998-exec-2] INFO  com.ghw.hospital.util.HttpRequestHelper - --> 发送请求：post data amount=100&hosScheduleId=88&availableNumber=22&sign=e30222a5efcbad4377150495c66c2baf&hoscode=1000_01&title=医师&workTime=0&reservedNumber=33&workDate=2021-01-20&skill=内分泌科常见病。&docname=&depcode=200040878&status=1&timestamp=1652835035976&
2022-05-18 08:50:36.061 [http-nio-9998-exec-2] INFO  com.ghw.hospital.util.HttpRequestHelper - --> 应答结果：result data {"code":200,"message":"成功","data":null,"ok":true}
2022-05-18 08:50:36.069 [http-nio-9998-exec-2] INFO  com.ghw.hospital.util.HttpRequestHelper - --> 发送请求：post data amount=100&hosScheduleId=89&availableNumber=6&sign=e30222a5efcbad4377150495c66c2baf&hoscode=1000_01&title=副主任医师&workTime=0&reservedNumber=40&workDate=2021-01-20&skill=骨质疏松和骨代谢疾病、糖尿病、甲状腺疾病。&docname=裴育&depcode=200040878&status=1&timestamp=1652835036066&
2022-05-18 08:50:36.145 [http-nio-9998-exec-2] INFO  com.ghw.hospital.util.HttpRequestHelper - --> 应答结果：result data {"code":200,"message":"成功","data":null,"ok":true}
2022-05-18 08:50:36.152 [http-nio-9998-exec-2] INFO  com.ghw.hospital.util.HttpRequestHelper - --> 发送请求：post data amount=100&hosScheduleId=90&availableNumber=10&sign=e30222a5efcbad4377150495c66c2baf&hoscode=1000_01&title=副主任医师&workTime=1&reservedNumber=27&workDate=2021-01-20&skill=内分泌与代谢性疾病。&docname=邵迎红&depcode=200040878&status=1&timestamp=1652835036149&
2022-05-18 08:50:36.229 [http-nio-9998-exec-2] INFO  com.ghw.hospital.util.HttpRequestHelper - --> 应答结果：result data {"code":200,"message":"成功","data":null,"ok":true}
2022-05-18 08:50:36.236 [http-nio-9998-exec-2] INFO  com.ghw.hospital.util.HttpRequestHelper - --> 发送请求：post data amount=100&hosScheduleId=91&availableNumber=22&sign=e30222a5efcbad4377150495c66c2baf&hoscode=1000_01&title=医师&workTime=0&reservedNumber=33&workDate=2021-01-21&skill=内分泌科常见病。&docname=&depcode=200040878&status=1&timestamp=1652835036234&
2022-05-18 08:50:36.323 [http-nio-9998-exec-2] INFO  com.ghw.hospital.util.HttpRequestHelper - --> 应答结果：result data {"code":200,"message":"成功","data":null,"ok":true}
2022-05-18 08:50:36.334 [http-nio-9998-exec-2] INFO  com.ghw.hospital.util.HttpRequestHelper - --> 发送请求：post data amount=100&hosScheduleId=92&availableNumber=6&sign=e30222a5efcbad4377150495c66c2baf&hoscode=1000_01&title=副主任医师&workTime=0&reservedNumber=40&workDate=2021-01-21&skill=骨质疏松和骨代谢疾病、糖尿病、甲状腺疾病。&docname=裴育&depcode=200040878&status=1&timestamp=1652835036330&
2022-05-18 08:50:36.425 [http-nio-9998-exec-2] INFO  com.ghw.hospital.util.HttpRequestHelper - --> 应答结果：result data {"code":200,"message":"成功","data":null,"ok":true}
2022-05-18 08:50:36.434 [http-nio-9998-exec-2] INFO  com.ghw.hospital.util.HttpRequestHelper - --> 发送请求：post data amount=100&hosScheduleId=93&availableNumber=10&sign=e30222a5efcbad4377150495c66c2baf&hoscode=1000_01&title=副主任医师&workTime=1&reservedNumber=27&workDate=2021-01-21&skill=内分泌与代谢性疾病。&docname=邵迎红&depcode=200040878&status=1&timestamp=1652835036431&
2022-05-18 08:50:36.511 [http-nio-9998-exec-2] INFO  com.ghw.hospital.util.HttpRequestHelper - --> 应答结果：result data {"code":200,"message":"成功","data":null,"ok":true}
2022-05-18 08:50:36.521 [http-nio-9998-exec-2] INFO  com.ghw.hospital.util.HttpRequestHelper - --> 发送请求：post data amount=100&hosScheduleId=94&availableNumber=22&sign=e30222a5efcbad4377150495c66c2baf&hoscode=1000_01&title=医师&workTime=0&reservedNumber=33&workDate=2021-01-22&skill=内分泌科常见病。&docname=&depcode=200040878&status=1&timestamp=1652835036516&
2022-05-18 08:50:36.605 [http-nio-9998-exec-2] INFO  com.ghw.hospital.util.HttpRequestHelper - --> 应答结果：result data {"code":200,"message":"成功","data":null,"ok":true}
2022-05-18 08:50:36.617 [http-nio-9998-exec-2] INFO  com.ghw.hospital.util.HttpRequestHelper - --> 发送请求：post data amount=100&hosScheduleId=95&availableNumber=6&sign=e30222a5efcbad4377150495c66c2baf&hoscode=1000_01&title=副主任医师&workTime=0&reservedNumber=40&workDate=2021-01-22&skill=骨质疏松和骨代谢疾病、糖尿病、甲状腺疾病。&docname=裴育&depcode=200040878&status=1&timestamp=1652835036614&
2022-05-18 08:50:36.696 [http-nio-9998-exec-2] INFO  com.ghw.hospital.util.HttpRequestHelper - --> 应答结果：result data {"code":200,"message":"成功","data":null,"ok":true}
2022-05-18 08:50:36.715 [http-nio-9998-exec-2] INFO  com.ghw.hospital.util.HttpRequestHelper - --> 发送请求：post data amount=100&hosScheduleId=96&availableNumber=10&sign=e30222a5efcbad4377150495c66c2baf&hoscode=1000_01&title=副主任医师&workTime=1&reservedNumber=27&workDate=2021-01-22&skill=内分泌与代谢性疾病。&docname=邵迎红&depcode=200040878&status=1&timestamp=1652835036707&
2022-05-18 08:50:36.801 [http-nio-9998-exec-2] INFO  com.ghw.hospital.util.HttpRequestHelper - --> 应答结果：result data {"code":200,"message":"成功","data":null,"ok":true}
2022-05-18 08:50:36.823 [http-nio-9998-exec-2] INFO  com.ghw.hospital.util.HttpRequestHelper - --> 发送请求：post data amount=100&hosScheduleId=97&availableNumber=22&sign=e30222a5efcbad4377150495c66c2baf&hoscode=1000_01&title=医师&workTime=0&reservedNumber=33&workDate=2021-01-23&skill=内分泌科常见病。&docname=&depcode=200040878&status=1&timestamp=1652835036816&
2022-05-18 08:50:36.919 [http-nio-9998-exec-2] INFO  com.ghw.hospital.util.HttpRequestHelper - --> 应答结果：result data {"code":200,"message":"成功","data":null,"ok":true}
2022-05-18 08:50:36.960 [http-nio-9998-exec-2] INFO  com.ghw.hospital.util.HttpRequestHelper - --> 发送请求：post data amount=100&hosScheduleId=98&availableNumber=6&sign=e30222a5efcbad4377150495c66c2baf&hoscode=1000_01&title=副主任医师&workTime=0&reservedNumber=40&workDate=2021-01-23&skill=骨质疏松和骨代谢疾病、糖尿病、甲状腺疾病。&docname=裴育&depcode=200040878&status=1&timestamp=1652835036948&
2022-05-18 08:50:37.043 [http-nio-9998-exec-2] INFO  com.ghw.hospital.util.HttpRequestHelper - --> 应答结果：result data {"code":200,"message":"成功","data":null,"ok":true}
2022-05-18 08:50:37.055 [http-nio-9998-exec-2] INFO  com.ghw.hospital.util.HttpRequestHelper - --> 发送请求：post data amount=100&hosScheduleId=99&availableNumber=10&sign=e30222a5efcbad4377150495c66c2baf&hoscode=1000_01&title=副主任医师&workTime=1&reservedNumber=27&workDate=2021-01-23&skill=内分泌与代谢性疾病。&docname=邵迎红&depcode=200040878&status=1&timestamp=1652835037051&
2022-05-18 08:50:37.135 [http-nio-9998-exec-2] INFO  com.ghw.hospital.util.HttpRequestHelper - --> 应答结果：result data {"code":200,"message":"成功","data":null,"ok":true}
2022-05-18 08:50:37.148 [http-nio-9998-exec-2] INFO  com.ghw.hospital.util.HttpRequestHelper - --> 发送请求：post data amount=100&hosScheduleId=100&availableNumber=22&sign=e30222a5efcbad4377150495c66c2baf&hoscode=1000_01&title=医师&workTime=0&reservedNumber=33&workDate=2021-01-24&skill=内分泌科常见病。&docname=&depcode=200040878&status=1&timestamp=1652835037143&
2022-05-18 08:50:37.225 [http-nio-9998-exec-2] INFO  com.ghw.hospital.util.HttpRequestHelper - --> 应答结果：result data {"code":200,"message":"成功","data":null,"ok":true}
2022-05-18 08:50:37.241 [http-nio-9998-exec-2] INFO  com.ghw.hospital.util.HttpRequestHelper - --> 发送请求：post data amount=100&hosScheduleId=101&availableNumber=6&sign=e30222a5efcbad4377150495c66c2baf&hoscode=1000_01&title=副主任医师&workTime=0&reservedNumber=40&workDate=2021-01-24&skill=骨质疏松和骨代谢疾病、糖尿病、甲状腺疾病。&docname=裴育&depcode=200040878&status=1&timestamp=1652835037233&
2022-05-18 08:50:37.324 [http-nio-9998-exec-2] INFO  com.ghw.hospital.util.HttpRequestHelper - --> 应答结果：result data {"code":200,"message":"成功","data":null,"ok":true}
2022-05-18 08:50:37.342 [http-nio-9998-exec-2] INFO  com.ghw.hospital.util.HttpRequestHelper - --> 发送请求：post data amount=100&hosScheduleId=102&availableNumber=10&sign=e30222a5efcbad4377150495c66c2baf&hoscode=1000_01&title=副主任医师&workTime=1&reservedNumber=27&workDate=2021-01-24&skill=内分泌与代谢性疾病。&docname=邵迎红&depcode=200040878&status=1&timestamp=1652835037335&
2022-05-18 08:50:37.418 [http-nio-9998-exec-2] INFO  com.ghw.hospital.util.HttpRequestHelper - --> 应答结果：result data {"code":200,"message":"成功","data":null,"ok":true}
2022-05-18 08:50:37.441 [http-nio-9998-exec-2] INFO  com.ghw.hospital.util.HttpRequestHelper - --> 发送请求：post data amount=100&hosScheduleId=103&availableNumber=22&sign=e30222a5efcbad4377150495c66c2baf&hoscode=1000_01&title=医师&workTime=0&reservedNumber=33&workDate=2021-01-25&skill=内分泌科常见病。&docname=&depcode=200040878&status=1&timestamp=1652835037433&
2022-05-18 08:50:37.520 [http-nio-9998-exec-2] INFO  com.ghw.hospital.util.HttpRequestHelper - --> 应答结果：result data {"code":200,"message":"成功","data":null,"ok":true}
2022-05-18 08:50:37.530 [http-nio-9998-exec-2] INFO  com.ghw.hospital.util.HttpRequestHelper - --> 发送请求：post data amount=100&hosScheduleId=104&availableNumber=6&sign=e30222a5efcbad4377150495c66c2baf&hoscode=1000_01&title=副主任医师&workTime=0&reservedNumber=40&workDate=2021-01-25&skill=骨质疏松和骨代谢疾病、糖尿病、甲状腺疾病。&docname=裴育&depcode=200040878&status=1&timestamp=1652835037527&
2022-05-18 08:50:37.609 [http-nio-9998-exec-2] INFO  com.ghw.hospital.util.HttpRequestHelper - --> 应答结果：result data {"code":200,"message":"成功","data":null,"ok":true}
2022-05-18 08:50:37.628 [http-nio-9998-exec-2] INFO  com.ghw.hospital.util.HttpRequestHelper - --> 发送请求：post data amount=100&hosScheduleId=105&availableNumber=10&sign=e30222a5efcbad4377150495c66c2baf&hoscode=1000_01&title=副主任医师&workTime=1&reservedNumber=27&workDate=2021-01-25&skill=内分泌与代谢性疾病。&docname=邵迎红&depcode=200040878&status=1&timestamp=1652835037622&
2022-05-18 08:50:37.712 [http-nio-9998-exec-2] INFO  com.ghw.hospital.util.HttpRequestHelper - --> 应答结果：result data {"code":200,"message":"成功","data":null,"ok":true}
2022-05-18 08:50:37.741 [http-nio-9998-exec-2] INFO  com.ghw.hospital.util.HttpRequestHelper - --> 发送请求：post data amount=100&hosScheduleId=106&availableNumber=22&sign=e30222a5efcbad4377150495c66c2baf&hoscode=1000_01&title=医师&workTime=0&reservedNumber=33&workDate=2021-01-26&skill=内分泌科常见病。&docname=&depcode=200040878&status=1&timestamp=1652835037734&
2022-05-18 08:50:37.821 [http-nio-9998-exec-2] INFO  com.ghw.hospital.util.HttpRequestHelper - --> 应答结果：result data {"code":200,"message":"成功","data":null,"ok":true}
2022-05-18 08:50:37.829 [http-nio-9998-exec-2] INFO  com.ghw.hospital.util.HttpRequestHelper - --> 发送请求：post data amount=100&hosScheduleId=107&availableNumber=6&sign=e30222a5efcbad4377150495c66c2baf&hoscode=1000_01&title=副主任医师&workTime=0&reservedNumber=40&workDate=2021-01-26&skill=骨质疏松和骨代谢疾病、糖尿病、甲状腺疾病。&docname=裴育&depcode=200040878&status=1&timestamp=1652835037826&
2022-05-18 08:50:37.905 [http-nio-9998-exec-2] INFO  com.ghw.hospital.util.HttpRequestHelper - --> 应答结果：result data {"code":200,"message":"成功","data":null,"ok":true}
2022-05-18 08:50:37.913 [http-nio-9998-exec-2] INFO  com.ghw.hospital.util.HttpRequestHelper - --> 发送请求：post data amount=100&hosScheduleId=108&availableNumber=10&sign=e30222a5efcbad4377150495c66c2baf&hoscode=1000_01&title=副主任医师&workTime=1&reservedNumber=27&workDate=2021-01-26&skill=内分泌与代谢性疾病。&docname=邵迎红&depcode=200040878&status=1&timestamp=1652835037910&
2022-05-18 08:50:37.992 [http-nio-9998-exec-2] INFO  com.ghw.hospital.util.HttpRequestHelper - --> 应答结果：result data {"code":200,"message":"成功","data":null,"ok":true}
2022-05-18 08:50:38.008 [http-nio-9998-exec-2] INFO  com.ghw.hospital.util.HttpRequestHelper - --> 发送请求：post data amount=100&hosScheduleId=109&availableNumber=22&sign=e30222a5efcbad4377150495c66c2baf&hoscode=1000_01&title=医师&workTime=0&reservedNumber=33&workDate=2021-01-27&skill=内分泌科常见病。&docname=&depcode=200040878&status=1&timestamp=1652835038002&
2022-05-18 08:50:38.089 [http-nio-9998-exec-2] INFO  com.ghw.hospital.util.HttpRequestHelper - --> 应答结果：result data {"code":200,"message":"成功","data":null,"ok":true}
2022-05-18 08:50:38.098 [http-nio-9998-exec-2] INFO  com.ghw.hospital.util.HttpRequestHelper - --> 发送请求：post data amount=100&hosScheduleId=110&availableNumber=6&sign=e30222a5efcbad4377150495c66c2baf&hoscode=1000_01&title=副主任医师&workTime=0&reservedNumber=40&workDate=2021-01-27&skill=骨质疏松和骨代谢疾病、糖尿病、甲状腺疾病。&docname=裴育&depcode=200040878&status=1&timestamp=1652835038095&
2022-05-18 08:50:38.178 [http-nio-9998-exec-2] INFO  com.ghw.hospital.util.HttpRequestHelper - --> 应答结果：result data {"code":200,"message":"成功","data":null,"ok":true}
2022-05-18 08:50:38.187 [http-nio-9998-exec-2] INFO  com.ghw.hospital.util.HttpRequestHelper - --> 发送请求：post data amount=100&hosScheduleId=111&availableNumber=10&sign=e30222a5efcbad4377150495c66c2baf&hoscode=1000_01&title=副主任医师&workTime=1&reservedNumber=27&workDate=2021-01-27&skill=内分泌与代谢性疾病。&docname=邵迎红&depcode=200040878&status=1&timestamp=1652835038183&
2022-05-18 08:50:38.264 [http-nio-9998-exec-2] INFO  com.ghw.hospital.util.HttpRequestHelper - --> 应答结果：result data {"code":200,"message":"成功","data":null,"ok":true}
2022-05-18 08:50:38.277 [http-nio-9998-exec-2] INFO  com.ghw.hospital.util.HttpRequestHelper - --> 发送请求：post data amount=100&hosScheduleId=112&availableNumber=22&sign=e30222a5efcbad4377150495c66c2baf&hoscode=1000_01&title=医师&workTime=0&reservedNumber=33&workDate=2021-01-28&skill=内分泌科常见病。&docname=&depcode=200040878&status=1&timestamp=1652835038273&
2022-05-18 08:50:38.355 [http-nio-9998-exec-2] INFO  com.ghw.hospital.util.HttpRequestHelper - --> 应答结果：result data {"code":200,"message":"成功","data":null,"ok":true}
2022-05-18 08:50:38.364 [http-nio-9998-exec-2] INFO  com.ghw.hospital.util.HttpRequestHelper - --> 发送请求：post data amount=100&hosScheduleId=113&availableNumber=6&sign=e30222a5efcbad4377150495c66c2baf&hoscode=1000_01&title=副主任医师&workTime=0&reservedNumber=40&workDate=2021-01-28&skill=骨质疏松和骨代谢疾病、糖尿病、甲状腺疾病。&docname=裴育&depcode=200040878&status=1&timestamp=1652835038361&
2022-05-18 08:50:38.441 [http-nio-9998-exec-2] INFO  com.ghw.hospital.util.HttpRequestHelper - --> 应答结果：result data {"code":200,"message":"成功","data":null,"ok":true}
2022-05-18 08:50:38.451 [http-nio-9998-exec-2] INFO  com.ghw.hospital.util.HttpRequestHelper - --> 发送请求：post data amount=100&hosScheduleId=114&availableNumber=10&sign=e30222a5efcbad4377150495c66c2baf&hoscode=1000_01&title=副主任医师&workTime=1&reservedNumber=27&workDate=2021-01-28&skill=内分泌与代谢性疾病。&docname=邵迎红&depcode=200040878&status=1&timestamp=1652835038447&
2022-05-18 08:50:38.529 [http-nio-9998-exec-2] INFO  com.ghw.hospital.util.HttpRequestHelper - --> 应答结果：result data {"code":200,"message":"成功","data":null,"ok":true}
2022-05-18 08:50:42.933 [http-nio-9998-exec-4] INFO  com.ghw.hospital.util.HttpRequestHelper - --> 发送请求：post data limit=10&sign=e30222a5efcbad4377150495c66c2baf&page=1&hoscode=1000_01&timestamp=1652835042931&
2022-05-18 08:50:43.039 [http-nio-9998-exec-4] INFO  com.ghw.hospital.util.HttpRequestHelper - --> 应答结果：result data {"code":200,"message":"成功","data":{"content":[{"id":"628442d4bccc6b4613363119","createTime":"2022-05-18 08:50:28","updateTime":"2022-05-18 08:50:28","isDeleted":0,"param":{},"hoscode":"1000_01","depcode":"200040878","title":"医师","docname":"邵迎红","skill":"内分泌科常见病。","workDate":"2020-12-13","workTime":0,"reservedNumber":33,"availableNumber":22,"amount":100,"status":1,"hosScheduleId":"1"},{"id":"628442d4bccc6b461336311a","createTime":"2022-05-18 08:50:28","updateTime":"2022-05-18 08:50:28","isDeleted":0,"param":{},"hoscode":"1000_01","depcode":"200040878","title":"副主任医师","docname":"裴育","skill":"骨质疏松和骨代谢疾病、糖尿病、甲状腺疾病。","workDate":"2020-12-22","workTime":0,"reservedNumber":40,"availableNumber":6,"amount":100,"status":1,"hosScheduleId":"2"},{"id":"628442d4bccc6b461336311b","createTime":"2022-05-18 08:50:28","updateTime":"2022-05-18 08:50:28","isDeleted":0,"param":{},"hoscode":"1000_01","depcode":"200040878","title":"副主任医师","docname":"邵迎红","skill":"内分泌与代谢性疾病。","workDate":"2020-12-22","workTime":1,"reservedNumber":27,"availableNumber":10,"amount":100,"status":1,"hosScheduleId":"3"},{"id":"628442d4bccc6b461336311c","createTime":"2022-05-18 08:50:28","updateTime":"2022-05-18 08:50:28","isDeleted":0,"param":{},"hoscode":"1000_01","depcode":"200040878","title":"医师","docname":"邵迎红","skill":"内分泌科常见病。","workDate":"2020-12-14","workTime":0,"reservedNumber":33,"availableNumber":22,"amount":100,"status":1,"hosScheduleId":"4"},{"id":"628442d4bccc6b461336311d","createTime":"2022-05-18 08:50:28","updateTime":"2022-05-18 08:50:28","isDeleted":0,"param":{},"hoscode":"1000_01","depcode":"200040878","title":"副主任医师","docname":"裴育","skill":"骨质疏松和骨代谢疾病、糖尿病、甲状腺疾病。","workDate":"2020-12-23","workTime":0,"reservedNumber":40,"availableNumber":6,"amount":100,"status":1,"hosScheduleId":"5"},{"id":"628442d4bccc6b461336311e","createTime":"2022-05-18 08:50:28","updateTime":"2022-05-18 08:50:28","isDeleted":0,"param":{},"hoscode":"1000_01","depcode":"200040878","title":"副主任医师","docname":"邵迎红","skill":"内分泌与代谢性疾病。","workDate":"2020-12-23","workTime":1,"reservedNumber":27,"availableNumber":10,"amount":100,"status":1,"hosScheduleId":"6"},{"id":"628442d4bccc6b461336311f","createTime":"2022-05-18 08:50:28","updateTime":"2022-05-18 08:50:28","isDeleted":0,"param":{},"hoscode":"1000_01","depcode":"200040878","title":"医师","docname":"邵迎红","skill":"内分泌科常见病。","workDate":"2020-12-15","workTime":0,"reservedNumber":33,"availableNumber":22,"amount":100,"status":1,"hosScheduleId":"7"},{"id":"628442d4bccc6b4613363120","createTime":"2022-05-18 08:50:28","updateTime":"2022-05-18 08:50:28","isDeleted":0,"param":{},"hoscode":"1000_01","depcode":"200040878","title":"副主任医师","docname":"裴育","skill":"骨质疏松和骨代谢疾病、糖尿病、甲状腺疾病。","workDate":"2020-12-24","workTime":0,"reservedNumber":40,"availableNumber":6,"amount":100,"status":1,"hosScheduleId":"8"},{"id":"628442d5bccc6b4613363121","createTime":"2022-05-18 08:50:29","updateTime":"2022-05-18 08:50:29","isDeleted":0,"param":{},"hoscode":"1000_01","depcode":"200040878","title":"副主任医师","docname":"邵迎红","skill":"内分泌与代谢性疾病。","workDate":"2020-12-24","workTime":1,"reservedNumber":27,"availableNumber":10,"amount":100,"status":1,"hosScheduleId":"9"},{"id":"628442d5bccc6b4613363122","createTime":"2022-05-18 08:50:29","updateTime":"2022-05-18 08:50:29","isDeleted":0,"param":{},"hoscode":"1000_01","depcode":"200040878","title":"医师","docname":"邵迎红","skill":"内分泌科常见病。","workDate":"2020-12-16","workTime":0,"reservedNumber":33,"availableNumber":22,"amount":100,"status":1,"hosScheduleId":"10"}],"pageable":{"sort":{"sorted":false,"unsorted":true,"empty":true},"pageNumber":0,"pageSize":10,"offset":0,"paged":true,"unpaged":false},"last":false,"totalPages":12,"totalElements":113,"first":true,"numberOfElements":10,"sort":{"sorted":false,"unsorted":true,"empty":true},"size":10,"number":0,"empty":false},"ok":true}
2022-05-18 08:50:56.018 [http-nio-9998-exec-8] INFO  com.ghw.hospital.util.HttpRequestHelper - --> 发送请求：post data hosScheduleId=1&sign=e30222a5efcbad4377150495c66c2baf&hoscode=1000_01&timestamp=1652835056015&
2022-05-18 08:50:56.111 [http-nio-9998-exec-8] INFO  com.ghw.hospital.util.HttpRequestHelper - --> 应答结果：result data {"code":200,"message":"成功","data":null,"ok":true}
2022-05-18 08:50:56.222 [http-nio-9998-exec-10] INFO  com.ghw.hospital.util.HttpRequestHelper - --> 发送请求：post data limit=10&sign=e30222a5efcbad4377150495c66c2baf&page=1&hoscode=1000_01&timestamp=1652835056214&
2022-05-18 08:50:56.328 [http-nio-9998-exec-10] INFO  com.ghw.hospital.util.HttpRequestHelper - --> 应答结果：result data {"code":200,"message":"成功","data":{"content":[{"id":"628442d4bccc6b461336311a","createTime":"2022-05-18 08:50:28","updateTime":"2022-05-18 08:50:28","isDeleted":0,"param":{},"hoscode":"1000_01","depcode":"200040878","title":"副主任医师","docname":"裴育","skill":"骨质疏松和骨代谢疾病、糖尿病、甲状腺疾病。","workDate":"2020-12-22","workTime":0,"reservedNumber":40,"availableNumber":6,"amount":100,"status":1,"hosScheduleId":"2"},{"id":"628442d4bccc6b461336311b","createTime":"2022-05-18 08:50:28","updateTime":"2022-05-18 08:50:28","isDeleted":0,"param":{},"hoscode":"1000_01","depcode":"200040878","title":"副主任医师","docname":"邵迎红","skill":"内分泌与代谢性疾病。","workDate":"2020-12-22","workTime":1,"reservedNumber":27,"availableNumber":10,"amount":100,"status":1,"hosScheduleId":"3"},{"id":"628442d4bccc6b461336311c","createTime":"2022-05-18 08:50:28","updateTime":"2022-05-18 08:50:28","isDeleted":0,"param":{},"hoscode":"1000_01","depcode":"200040878","title":"医师","docname":"邵迎红","skill":"内分泌科常见病。","workDate":"2020-12-14","workTime":0,"reservedNumber":33,"availableNumber":22,"amount":100,"status":1,"hosScheduleId":"4"},{"id":"628442d4bccc6b461336311d","createTime":"2022-05-18 08:50:28","updateTime":"2022-05-18 08:50:28","isDeleted":0,"param":{},"hoscode":"1000_01","depcode":"200040878","title":"副主任医师","docname":"裴育","skill":"骨质疏松和骨代谢疾病、糖尿病、甲状腺疾病。","workDate":"2020-12-23","workTime":0,"reservedNumber":40,"availableNumber":6,"amount":100,"status":1,"hosScheduleId":"5"},{"id":"628442d4bccc6b461336311e","createTime":"2022-05-18 08:50:28","updateTime":"2022-05-18 08:50:28","isDeleted":0,"param":{},"hoscode":"1000_01","depcode":"200040878","title":"副主任医师","docname":"邵迎红","skill":"内分泌与代谢性疾病。","workDate":"2020-12-23","workTime":1,"reservedNumber":27,"availableNumber":10,"amount":100,"status":1,"hosScheduleId":"6"},{"id":"628442d4bccc6b461336311f","createTime":"2022-05-18 08:50:28","updateTime":"2022-05-18 08:50:28","isDeleted":0,"param":{},"hoscode":"1000_01","depcode":"200040878","title":"医师","docname":"邵迎红","skill":"内分泌科常见病。","workDate":"2020-12-15","workTime":0,"reservedNumber":33,"availableNumber":22,"amount":100,"status":1,"hosScheduleId":"7"},{"id":"628442d4bccc6b4613363120","createTime":"2022-05-18 08:50:28","updateTime":"2022-05-18 08:50:28","isDeleted":0,"param":{},"hoscode":"1000_01","depcode":"200040878","title":"副主任医师","docname":"裴育","skill":"骨质疏松和骨代谢疾病、糖尿病、甲状腺疾病。","workDate":"2020-12-24","workTime":0,"reservedNumber":40,"availableNumber":6,"amount":100,"status":1,"hosScheduleId":"8"},{"id":"628442d5bccc6b4613363121","createTime":"2022-05-18 08:50:29","updateTime":"2022-05-18 08:50:29","isDeleted":0,"param":{},"hoscode":"1000_01","depcode":"200040878","title":"副主任医师","docname":"邵迎红","skill":"内分泌与代谢性疾病。","workDate":"2020-12-24","workTime":1,"reservedNumber":27,"availableNumber":10,"amount":100,"status":1,"hosScheduleId":"9"},{"id":"628442d5bccc6b4613363122","createTime":"2022-05-18 08:50:29","updateTime":"2022-05-18 08:50:29","isDeleted":0,"param":{},"hoscode":"1000_01","depcode":"200040878","title":"医师","docname":"邵迎红","skill":"内分泌科常见病。","workDate":"2020-12-16","workTime":0,"reservedNumber":33,"availableNumber":22,"amount":100,"status":1,"hosScheduleId":"10"},{"id":"628442d5bccc6b4613363123","createTime":"2022-05-18 08:50:29","updateTime":"2022-05-18 08:50:29","isDeleted":0,"param":{},"hoscode":"1000_01","depcode":"200040878","title":"副主任医师","docname":"裴育","skill":"骨质疏松和骨代谢疾病、糖尿病、甲状腺疾病。","workDate":"2020-12-25","workTime":0,"reservedNumber":40,"availableNumber":6,"amount":100,"status":1,"hosScheduleId":"11"}],"pageable":{"sort":{"sorted":false,"unsorted":true,"empty":true},"pageNumber":0,"pageSize":10,"offset":0,"paged":true,"unpaged":false},"last":false,"totalPages":12,"totalElements":112,"first":true,"numberOfElements":10,"sort":{"sorted":false,"unsorted":true,"empty":true},"size":10,"number":0,"empty":false},"ok":true}
2022-05-18 08:51:06.517 [http-nio-9998-exec-8] INFO  com.ghw.hospital.util.HttpRequestHelper - --> 发送请求：post data limit=10&sign=e30222a5efcbad4377150495c66c2baf&page=1&hoscode=1000_01&timestamp=1652835066513&
2022-05-18 08:51:06.597 [http-nio-9998-exec-8] INFO  com.ghw.hospital.util.HttpRequestHelper - --> 应答结果：result data {"code":200,"message":"成功","data":{"content":[{"id":"628442d4bccc6b461336311a","createTime":"2022-05-18 08:50:28","updateTime":"2022-05-18 08:50:28","isDeleted":0,"param":{},"hoscode":"1000_01","depcode":"200040878","title":"副主任医师","docname":"裴育","skill":"骨质疏松和骨代谢疾病、糖尿病、甲状腺疾病。","workDate":"2020-12-22","workTime":0,"reservedNumber":40,"availableNumber":6,"amount":100,"status":1,"hosScheduleId":"2"},{"id":"628442d4bccc6b461336311b","createTime":"2022-05-18 08:50:28","updateTime":"2022-05-18 08:50:28","isDeleted":0,"param":{},"hoscode":"1000_01","depcode":"200040878","title":"副主任医师","docname":"邵迎红","skill":"内分泌与代谢性疾病。","workDate":"2020-12-22","workTime":1,"reservedNumber":27,"availableNumber":10,"amount":100,"status":1,"hosScheduleId":"3"},{"id":"628442d4bccc6b461336311c","createTime":"2022-05-18 08:50:28","updateTime":"2022-05-18 08:50:28","isDeleted":0,"param":{},"hoscode":"1000_01","depcode":"200040878","title":"医师","docname":"邵迎红","skill":"内分泌科常见病。","workDate":"2020-12-14","workTime":0,"reservedNumber":33,"availableNumber":22,"amount":100,"status":1,"hosScheduleId":"4"},{"id":"628442d4bccc6b461336311d","createTime":"2022-05-18 08:50:28","updateTime":"2022-05-18 08:50:28","isDeleted":0,"param":{},"hoscode":"1000_01","depcode":"200040878","title":"副主任医师","docname":"裴育","skill":"骨质疏松和骨代谢疾病、糖尿病、甲状腺疾病。","workDate":"2020-12-23","workTime":0,"reservedNumber":40,"availableNumber":6,"amount":100,"status":1,"hosScheduleId":"5"},{"id":"628442d4bccc6b461336311e","createTime":"2022-05-18 08:50:28","updateTime":"2022-05-18 08:50:28","isDeleted":0,"param":{},"hoscode":"1000_01","depcode":"200040878","title":"副主任医师","docname":"邵迎红","skill":"内分泌与代谢性疾病。","workDate":"2020-12-23","workTime":1,"reservedNumber":27,"availableNumber":10,"amount":100,"status":1,"hosScheduleId":"6"},{"id":"628442d4bccc6b461336311f","createTime":"2022-05-18 08:50:28","updateTime":"2022-05-18 08:50:28","isDeleted":0,"param":{},"hoscode":"1000_01","depcode":"200040878","title":"医师","docname":"邵迎红","skill":"内分泌科常见病。","workDate":"2020-12-15","workTime":0,"reservedNumber":33,"availableNumber":22,"amount":100,"status":1,"hosScheduleId":"7"},{"id":"628442d4bccc6b4613363120","createTime":"2022-05-18 08:50:28","updateTime":"2022-05-18 08:50:28","isDeleted":0,"param":{},"hoscode":"1000_01","depcode":"200040878","title":"副主任医师","docname":"裴育","skill":"骨质疏松和骨代谢疾病、糖尿病、甲状腺疾病。","workDate":"2020-12-24","workTime":0,"reservedNumber":40,"availableNumber":6,"amount":100,"status":1,"hosScheduleId":"8"},{"id":"628442d5bccc6b4613363121","createTime":"2022-05-18 08:50:29","updateTime":"2022-05-18 08:50:29","isDeleted":0,"param":{},"hoscode":"1000_01","depcode":"200040878","title":"副主任医师","docname":"邵迎红","skill":"内分泌与代谢性疾病。","workDate":"2020-12-24","workTime":1,"reservedNumber":27,"availableNumber":10,"amount":100,"status":1,"hosScheduleId":"9"},{"id":"628442d5bccc6b4613363122","createTime":"2022-05-18 08:50:29","updateTime":"2022-05-18 08:50:29","isDeleted":0,"param":{},"hoscode":"1000_01","depcode":"200040878","title":"医师","docname":"邵迎红","skill":"内分泌科常见病。","workDate":"2020-12-16","workTime":0,"reservedNumber":33,"availableNumber":22,"amount":100,"status":1,"hosScheduleId":"10"},{"id":"628442d5bccc6b4613363123","createTime":"2022-05-18 08:50:29","updateTime":"2022-05-18 08:50:29","isDeleted":0,"param":{},"hoscode":"1000_01","depcode":"200040878","title":"副主任医师","docname":"裴育","skill":"骨质疏松和骨代谢疾病、糖尿病、甲状腺疾病。","workDate":"2020-12-25","workTime":0,"reservedNumber":40,"availableNumber":6,"amount":100,"status":1,"hosScheduleId":"11"}],"pageable":{"sort":{"sorted":false,"unsorted":true,"empty":true},"pageNumber":0,"pageSize":10,"offset":0,"paged":true,"unpaged":false},"last":false,"totalPages":12,"totalElements":112,"first":true,"numberOfElements":10,"sort":{"sorted":false,"unsorted":true,"empty":true},"size":10,"number":0,"empty":false},"ok":true}
2022-05-18 08:51:55.204 [SpringContextShutdownHook] INFO  o.s.scheduling.concurrent.ThreadPoolTaskExecutor - Shutting down ExecutorService 'applicationTaskExecutor'
2022-05-18 08:51:55.206 [SpringContextShutdownHook] INFO  com.zaxxer.hikari.HikariDataSource - GuliHikariPool - Shutdown initiated...
2022-05-18 08:51:55.208 [SpringContextShutdownHook] INFO  com.zaxxer.hikari.HikariDataSource - GuliHikariPool - Shutdown completed.
